[ 2014-09-02T18:58:48+08:00 ] ::1 /tcs/Home/Indexf
INFO: [ app_init ] --START--
INFO: Run Behavior\BuildLiteBehavior [ RunTime:0.001000s ]
INFO: [ app_init ] --END-- [ RunTime:0.004000s ]
INFO: [ app_begin ] --START--
INFO: Run Behavior\ReadHtmlCacheBehavior [ RunTime:0.004000s ]
INFO: [ app_begin ] --END-- [ RunTime:0.006000s ]
NOTIC: [8] A session had already been started - ignoring session_start() D:\Xampp\htdocs\tcs\tp\Common\functions.php 第 1191 行.
INFO: [ view_parse ] --START--
INFO: [ template_filter ] --START--
INFO: Run Behavior\ContentReplaceBehavior [ RunTime:0.001000s ]
INFO: [ template_filter ] --END-- [ RunTime:0.003001s ]
INFO: Run Behavior\ParseTemplateBehavior [ RunTime:0.108006s ]
INFO: [ view_parse ] --END-- [ RunTime:0.110006s ]
INFO: [ view_filter ] --START--
INFO: Run Behavior\WriteHtmlCacheBehavior [ RunTime:0.037002s ]
INFO: [ view_filter ] --END-- [ RunTime:0.039002s ]
INFO: [ app_end ] --START--
INFO: Run Behavior\ShowPageTraceBehavior [ RunTime:0.029002s ]
INFO: [ app_end ] --END-- [ RunTime:0.031002s ]

[ 2014-09-02T18:58:51+08:00 ] ::1 /tcs/Home/Innerf/node_map?_dc=1409655530915
INFO: [ app_init ] --START--
INFO: Run Behavior\BuildLiteBehavior [ RunTime:0.000000s ]
INFO: [ app_init ] --END-- [ RunTime:0.004000s ]
INFO: [ app_begin ] --START--
INFO: Run Behavior\ReadHtmlCacheBehavior [ RunTime:0.003000s ]
INFO: [ app_begin ] --END-- [ RunTime:0.005000s ]
NOTIC: [8] A session had already been started - ignoring session_start() D:\Xampp\htdocs\tcs\tp\Common\functions.php 第 1191 行.
INFO: [ view_parse ] --START--
INFO: [ template_filter ] --START--
INFO: Run Behavior\ContentReplaceBehavior [ RunTime:0.001000s ]
INFO: [ template_filter ] --END-- [ RunTime:0.003000s ]
INFO: Run Behavior\ParseTemplateBehavior [ RunTime:0.043003s ]
INFO: [ view_parse ] --END-- [ RunTime:0.045003s ]
INFO: [ view_filter ] --START--
INFO: Run Behavior\WriteHtmlCacheBehavior [ RunTime:0.001000s ]
INFO: [ view_filter ] --END-- [ RunTime:0.003000s ]
INFO: [ app_end ] --START--
INFO: Run Behavior\ShowPageTraceBehavior [ RunTime:0.002000s ]
INFO: [ app_end ] --END-- [ RunTime:0.004000s ]

[ 2014-09-02T19:34:26+08:00 ] ::1 /tcs/Home/Innerf/node_table?_dc=1409657665901
INFO: [ app_init ] --START--
INFO: Run Behavior\BuildLiteBehavior [ RunTime:0.000000s ]
INFO: [ app_init ] --END-- [ RunTime:0.003001s ]
INFO: [ app_begin ] --START--
INFO: Run Behavior\ReadHtmlCacheBehavior [ RunTime:0.002000s ]
INFO: [ app_begin ] --END-- [ RunTime:0.004001s ]
NOTIC: [8] A session had already been started - ignoring session_start() D:\Xampp\htdocs\tcs\tp\Common\functions.php 第 1191 行.
INFO: [ view_parse ] --START--
INFO: [ template_filter ] --START--
INFO: Run Behavior\ContentReplaceBehavior [ RunTime:0.001000s ]
INFO: [ template_filter ] --END-- [ RunTime:0.002000s ]
NOTIC: [8] Undefined variable: login_title D:\Xampp\htdocs\tcs\Application\Runtime\Cache\Home\93f02b85b463a0e139870315929eee83.php 第 29 行.
INFO: Run Behavior\ParseTemplateBehavior [ RunTime:0.222012s ]
INFO: [ view_parse ] --END-- [ RunTime:0.224013s ]
INFO: [ view_filter ] --START--
INFO: Run Behavior\WriteHtmlCacheBehavior [ RunTime:0.002001s ]
INFO: [ view_filter ] --END-- [ RunTime:0.003001s ]
INFO: [ app_end ] --START--
INFO: Run Behavior\ShowPageTraceBehavior [ RunTime:0.003000s ]
INFO: [ app_end ] --END-- [ RunTime:0.004000s ]

[ 2014-09-02T19:34:28+08:00 ] ::1 /tcs/Home/Inner/node_info_list
INFO: [ app_init ] --START--
INFO: Run Behavior\BuildLiteBehavior [ RunTime:0.000000s ]
INFO: [ app_init ] --END-- [ RunTime:0.004000s ]
INFO: [ app_begin ] --START--
INFO: Run Behavior\ReadHtmlCacheBehavior [ RunTime:0.005001s ]
INFO: [ app_begin ] --END-- [ RunTime:0.021002s ]
NOTIC: [8] A session had already been started - ignoring session_start() D:\Xampp\htdocs\tcs\tp\Common\functions.php 第 1191 行.
SQL: SHOW COLUMNS FROM `t_node_view` [ RunTime:0.034002s ]
SQL: SELECT COUNT(did) AS tp_count FROM `t_node_view` WHERE `nname` LIKE '%%' AND ( `vname` LIKE '%%' OR `cname` LIKE '%%' OR `dname` LIKE '%%' ) LIMIT 1   [ RunTime:0.003000s ]
SQL: SELECT * FROM `t_node_view` WHERE `nname` LIKE '%%' AND ( `vname` LIKE '%%' OR `cname` LIKE '%%' OR `dname` LIKE '%%' ) LIMIT 0,20   [ RunTime:0.004001s ]
INFO: [ view_parse ] --START--
INFO: [ template_filter ] --START--
INFO: Run Behavior\ContentReplaceBehavior [ RunTime:0.002000s ]
INFO: [ template_filter ] --END-- [ RunTime:0.002000s ]
INFO: Run Behavior\ParseTemplateBehavior [ RunTime:0.095005s ]
INFO: [ view_parse ] --END-- [ RunTime:0.097005s ]
INFO: [ view_filter ] --START--
INFO: Run Behavior\WriteHtmlCacheBehavior [ RunTime:0.003000s ]
INFO: [ view_filter ] --END-- [ RunTime:0.003000s ]
INFO: [ app_end ] --START--
INFO: Run Behavior\ShowPageTraceBehavior [ RunTime:0.003000s ]
INFO: [ app_end ] --END-- [ RunTime:0.004000s ]

[ 2014-09-02T19:34:36+08:00 ] ::1 /tcs/Home/Innerf/node_info_single
INFO: [ app_init ] --START--
INFO: Run Behavior\BuildLiteBehavior [ RunTime:0.001000s ]
INFO: [ app_init ] --END-- [ RunTime:0.003001s ]
INFO: [ app_begin ] --START--
INFO: Run Behavior\ReadHtmlCacheBehavior [ RunTime:0.002000s ]
INFO: [ app_begin ] --END-- [ RunTime:0.003000s ]
NOTIC: [8] A session had already been started - ignoring session_start() D:\Xampp\htdocs\tcs\tp\Common\functions.php 第 1191 行.
SQL: SHOW COLUMNS FROM `t_node_view` [ RunTime:0.006000s ]
SQL: SELECT * FROM `t_node_view` WHERE `baidu_id` = '457211780' LIMIT 1   [ RunTime:0.002000s ]
INFO: [ view_parse ] --START--
INFO: Run Behavior\ParseTemplateBehavior [ RunTime:0.003000s ]
INFO: [ view_parse ] --END-- [ RunTime:0.005000s ]
INFO: [ view_filter ] --START--
INFO: Run Behavior\WriteHtmlCacheBehavior [ RunTime:0.002000s ]
INFO: [ view_filter ] --END-- [ RunTime:0.004000s ]
INFO: [ app_end ] --START--
INFO: Run Behavior\ShowPageTraceBehavior [ RunTime:0.001000s ]
INFO: [ app_end ] --END-- [ RunTime:0.003000s ]

[ 2014-09-02T19:36:37+08:00 ] ::1 /tcs/Home/Innerf/node_edit?_dc=1409657795880&pnid=123456789012345&pnmode=2&pnname=%E6%B5%8B%E8%AF%95%E8%8A%82%E7%82%B9&pmix_scale=12&pmix_level=0
INFO: [ app_init ] --START--
INFO: Run Behavior\BuildLiteBehavior [ RunTime:0.001000s ]
INFO: [ app_init ] --END-- [ RunTime:0.003000s ]
INFO: [ app_begin ] --START--
INFO: Run Behavior\ReadHtmlCacheBehavior [ RunTime:0.003000s ]
INFO: [ app_begin ] --END-- [ RunTime:0.004000s ]
NOTIC: [8] A session had already been started - ignoring session_start() D:\Xampp\htdocs\tcs\tp\Common\functions.php 第 1191 行.
SQL: SHOW COLUMNS FROM `t_node` [ RunTime:0.006000s ]
SQL: UPDATE `t_node` SET `nname`='测试节点' WHERE `nid` = '123456789012345' [ RunTime:0.034002s ]
SQL: SHOW COLUMNS FROM `t_node_op` [ RunTime:0.007000s ]
SQL: INSERT INTO `t_node_op` (`nid`,`otype`,`otime`,`mix_scale`,`mix_level`,`mix_freq`,`onh3`,`oh2s`,`oresult`) VALUES ('123456789012345','2','2014-09-02 19:36:37',12,0,0,0,0,0) [ RunTime:0.024001s ]
INFO: [ view_parse ] --START--
INFO: [ template_filter ] --START--
INFO: Run Behavior\ContentReplaceBehavior [ RunTime:0.001000s ]
INFO: [ template_filter ] --END-- [ RunTime:0.002000s ]
INFO: Run Behavior\ParseTemplateBehavior [ RunTime:0.031001s ]
INFO: [ view_parse ] --END-- [ RunTime:0.033002s ]
INFO: [ view_filter ] --START--
INFO: Run Behavior\WriteHtmlCacheBehavior [ RunTime:0.002001s ]
INFO: [ view_filter ] --END-- [ RunTime:0.004001s ]
INFO: [ app_end ] --START--
INFO: Run Behavior\ShowPageTraceBehavior [ RunTime:0.002000s ]
INFO: [ app_end ] --END-- [ RunTime:0.003000s ]

[ 2014-09-02T20:16:07+08:00 ] ::1 /tcs/Home/Indexf
INFO: [ app_init ] --START--
INFO: Run Behavior\BuildLiteBehavior [ RunTime:0.000000s ]
INFO: [ app_init ] --END-- [ RunTime:0.003001s ]
INFO: [ app_begin ] --START--
INFO: Run Behavior\ReadHtmlCacheBehavior [ RunTime:0.003001s ]
INFO: [ app_begin ] --END-- [ RunTime:0.005001s ]
NOTIC: [8] A session had already been started - ignoring session_start() D:\Xampp\htdocs\tcs\tp\Common\functions.php 第 1191 行.
INFO: [ view_parse ] --START--
INFO: [ template_filter ] --START--
INFO: Run Behavior\ContentReplaceBehavior [ RunTime:0.001000s ]
INFO: [ template_filter ] --END-- [ RunTime:0.003000s ]
INFO: Run Behavior\ParseTemplateBehavior [ RunTime:0.036002s ]
INFO: [ view_parse ] --END-- [ RunTime:0.039002s ]
INFO: [ view_filter ] --START--
INFO: Run Behavior\WriteHtmlCacheBehavior [ RunTime:0.002000s ]
INFO: [ view_filter ] --END-- [ RunTime:0.004000s ]
INFO: [ app_end ] --START--
INFO: Run Behavior\ShowPageTraceBehavior [ RunTime:0.002000s ]
INFO: [ app_end ] --END-- [ RunTime:0.004000s ]

[ 2014-09-02T20:16:17+08:00 ] ::1 /tcs/Home/Innerf/node_map?_dc=1409660176957
INFO: [ app_init ] --START--
INFO: Run Behavior\BuildLiteBehavior [ RunTime:0.000000s ]
INFO: [ app_init ] --END-- [ RunTime:0.003000s ]
INFO: [ app_begin ] --START--
INFO: Run Behavior\ReadHtmlCacheBehavior [ RunTime:0.002000s ]
INFO: [ app_begin ] --END-- [ RunTime:0.004000s ]
NOTIC: [8] A session had already been started - ignoring session_start() D:\Xampp\htdocs\tcs\tp\Common\functions.php 第 1191 行.
INFO: [ view_parse ] --START--
INFO: [ template_filter ] --START--
INFO: Run Behavior\ContentReplaceBehavior [ RunTime:0.000000s ]
INFO: [ template_filter ] --END-- [ RunTime:0.002000s ]
INFO: Run Behavior\ParseTemplateBehavior [ RunTime:0.031002s ]
INFO: [ view_parse ] --END-- [ RunTime:0.033002s ]
INFO: [ view_filter ] --START--
INFO: Run Behavior\WriteHtmlCacheBehavior [ RunTime:0.002000s ]
INFO: [ view_filter ] --END-- [ RunTime:0.003000s ]
INFO: [ app_end ] --START--
INFO: Run Behavior\ShowPageTraceBehavior [ RunTime:0.002000s ]
INFO: [ app_end ] --END-- [ RunTime:0.004000s ]

[ 2014-09-02T20:17:49+08:00 ] ::1 /tcs/Home/Innerf/node_table?_dc=1409660269459
INFO: [ app_init ] --START--
INFO: Run Behavior\BuildLiteBehavior [ RunTime:0.000000s ]
INFO: [ app_init ] --END-- [ RunTime:0.003000s ]
INFO: [ app_begin ] --START--
INFO: Run Behavior\ReadHtmlCacheBehavior [ RunTime:0.002000s ]
INFO: [ app_begin ] --END-- [ RunTime:0.003000s ]
NOTIC: [8] A session had already been started - ignoring session_start() D:\Xampp\htdocs\tcs\tp\Common\functions.php 第 1191 行.
INFO: [ view_parse ] --START--
INFO: [ template_filter ] --START--
INFO: Run Behavior\ContentReplaceBehavior [ RunTime:0.001000s ]
INFO: [ template_filter ] --END-- [ RunTime:0.002000s ]
NOTIC: [8] Undefined variable: login_title D:\Xampp\htdocs\tcs\Application\Runtime\Cache\Home\93f02b85b463a0e139870315929eee83.php 第 29 行.
INFO: Run Behavior\ParseTemplateBehavior [ RunTime:0.048003s ]
INFO: [ view_parse ] --END-- [ RunTime:0.049003s ]
INFO: [ view_filter ] --START--
INFO: Run Behavior\WriteHtmlCacheBehavior [ RunTime:0.003000s ]
INFO: [ view_filter ] --END-- [ RunTime:0.004000s ]
INFO: [ app_end ] --START--
INFO: Run Behavior\ShowPageTraceBehavior [ RunTime:0.002000s ]
INFO: [ app_end ] --END-- [ RunTime:0.003000s ]

[ 2014-09-02T20:17:51+08:00 ] ::1 /tcs/Home/Inner/node_info_list
INFO: [ app_init ] --START--
INFO: Run Behavior\BuildLiteBehavior [ RunTime:0.000000s ]
INFO: [ app_init ] --END-- [ RunTime:0.004000s ]
INFO: [ app_begin ] --START--
INFO: Run Behavior\ReadHtmlCacheBehavior [ RunTime:0.003000s ]
INFO: [ app_begin ] --END-- [ RunTime:0.005000s ]
NOTIC: [8] A session had already been started - ignoring session_start() D:\Xampp\htdocs\tcs\tp\Common\functions.php 第 1191 行.
SQL: SHOW COLUMNS FROM `t_node_view` [ RunTime:0.008000s ]
SQL: SELECT COUNT(did) AS tp_count FROM `t_node_view` WHERE `nname` LIKE '%%' AND ( `vname` LIKE '%%' OR `cname` LIKE '%%' OR `dname` LIKE '%%' ) LIMIT 1   [ RunTime:0.003000s ]
SQL: SELECT * FROM `t_node_view` WHERE `nname` LIKE '%%' AND ( `vname` LIKE '%%' OR `cname` LIKE '%%' OR `dname` LIKE '%%' ) LIMIT 0,20   [ RunTime:0.003001s ]
INFO: [ view_parse ] --START--
INFO: [ template_filter ] --START--
INFO: Run Behavior\ContentReplaceBehavior [ RunTime:0.002000s ]
INFO: [ template_filter ] --END-- [ RunTime:0.003000s ]
INFO: Run Behavior\ParseTemplateBehavior [ RunTime:0.074004s ]
INFO: [ view_parse ] --END-- [ RunTime:0.076004s ]
INFO: [ view_filter ] --START--
INFO: Run Behavior\WriteHtmlCacheBehavior [ RunTime:0.001000s ]
INFO: [ view_filter ] --END-- [ RunTime:0.003001s ]
INFO: [ app_end ] --START--
INFO: Run Behavior\ShowPageTraceBehavior [ RunTime:0.002000s ]
INFO: [ app_end ] --END-- [ RunTime:0.004000s ]

[ 2014-09-02T20:17:58+08:00 ] ::1 /tcs/Home/Indexf
INFO: [ app_init ] --START--
INFO: Run Behavior\BuildLiteBehavior [ RunTime:0.001000s ]
INFO: [ app_init ] --END-- [ RunTime:0.003000s ]
INFO: [ app_begin ] --START--
INFO: Run Behavior\ReadHtmlCacheBehavior [ RunTime:0.002001s ]
INFO: [ app_begin ] --END-- [ RunTime:0.004001s ]
NOTIC: [8] A session had already been started - ignoring session_start() D:\Xampp\htdocs\tcs\tp\Common\functions.php 第 1191 行.
INFO: [ view_parse ] --START--
INFO: [ template_filter ] --START--
INFO: Run Behavior\ContentReplaceBehavior [ RunTime:0.001000s ]
INFO: [ template_filter ] --END-- [ RunTime:0.003000s ]
INFO: Run Behavior\ParseTemplateBehavior [ RunTime:0.036002s ]
INFO: [ view_parse ] --END-- [ RunTime:0.037002s ]
INFO: [ view_filter ] --START--
INFO: Run Behavior\WriteHtmlCacheBehavior [ RunTime:0.003000s ]
INFO: [ view_filter ] --END-- [ RunTime:0.006000s ]
INFO: [ app_end ] --START--
INFO: Run Behavior\ShowPageTraceBehavior [ RunTime:0.002000s ]
INFO: [ app_end ] --END-- [ RunTime:0.004000s ]

[ 2014-09-02T20:17:59+08:00 ] ::1 /tcs/Home/Innerf/node_map?_dc=1409660279231
INFO: [ app_init ] --START--
INFO: Run Behavior\BuildLiteBehavior [ RunTime:0.000000s ]
INFO: [ app_init ] --END-- [ RunTime:0.009000s ]
INFO: [ app_begin ] --START--
INFO: Run Behavior\ReadHtmlCacheBehavior [ RunTime:0.004001s ]
INFO: [ app_begin ] --END-- [ RunTime:0.005001s ]
NOTIC: [8] A session had already been started - ignoring session_start() D:\Xampp\htdocs\tcs\tp\Common\functions.php 第 1191 行.
INFO: [ view_parse ] --START--
INFO: [ template_filter ] --START--
INFO: Run Behavior\ContentReplaceBehavior [ RunTime:0.001000s ]
INFO: [ template_filter ] --END-- [ RunTime:0.002000s ]
INFO: Run Behavior\ParseTemplateBehavior [ RunTime:0.034002s ]
INFO: [ view_parse ] --END-- [ RunTime:0.036002s ]
INFO: [ view_filter ] --START--
INFO: Run Behavior\WriteHtmlCacheBehavior [ RunTime:0.002000s ]
INFO: [ view_filter ] --END-- [ RunTime:0.003000s ]
INFO: [ app_end ] --START--
INFO: Run Behavior\ShowPageTraceBehavior [ RunTime:0.002000s ]
INFO: [ app_end ] --END-- [ RunTime:0.004000s ]

[ 2014-09-02T20:18:01+08:00 ] ::1 /tcs/Home/Innerf/node_table?_dc=1409660281297
INFO: [ app_init ] --START--
INFO: Run Behavior\BuildLiteBehavior [ RunTime:0.000000s ]
INFO: [ app_init ] --END-- [ RunTime:0.004001s ]
INFO: [ app_begin ] --START--
INFO: Run Behavior\ReadHtmlCacheBehavior [ RunTime:0.003001s ]
INFO: [ app_begin ] --END-- [ RunTime:0.004001s ]
NOTIC: [8] A session had already been started - ignoring session_start() D:\Xampp\htdocs\tcs\tp\Common\functions.php 第 1191 行.
INFO: [ view_parse ] --START--
INFO: [ template_filter ] --START--
INFO: Run Behavior\ContentReplaceBehavior [ RunTime:0.001000s ]
INFO: [ template_filter ] --END-- [ RunTime:0.002000s ]
NOTIC: [8] Undefined variable: login_title D:\Xampp\htdocs\tcs\Application\Runtime\Cache\Home\93f02b85b463a0e139870315929eee83.php 第 29 行.
INFO: Run Behavior\ParseTemplateBehavior [ RunTime:0.051002s ]
INFO: [ view_parse ] --END-- [ RunTime:0.053004s ]
INFO: [ view_filter ] --START--
INFO: Run Behavior\WriteHtmlCacheBehavior [ RunTime:0.002000s ]
INFO: [ view_filter ] --END-- [ RunTime:0.003000s ]
INFO: [ app_end ] --START--
INFO: Run Behavior\ShowPageTraceBehavior [ RunTime:0.002000s ]
INFO: [ app_end ] --END-- [ RunTime:0.004000s ]

[ 2014-09-02T20:18:02+08:00 ] ::1 /tcs/Home/Inner/node_info_list
INFO: [ app_init ] --START--
INFO: Run Behavior\BuildLiteBehavior [ RunTime:0.000000s ]
INFO: [ app_init ] --END-- [ RunTime:0.004000s ]
INFO: [ app_begin ] --START--
INFO: Run Behavior\ReadHtmlCacheBehavior [ RunTime:0.002000s ]
INFO: [ app_begin ] --END-- [ RunTime:0.004000s ]
NOTIC: [8] A session had already been started - ignoring session_start() D:\Xampp\htdocs\tcs\tp\Common\functions.php 第 1191 行.
SQL: SHOW COLUMNS FROM `t_node_view` [ RunTime:0.009000s ]
SQL: SELECT COUNT(did) AS tp_count FROM `t_node_view` WHERE `nname` LIKE '%%' AND ( `vname` LIKE '%%' OR `cname` LIKE '%%' OR `dname` LIKE '%%' ) LIMIT 1   [ RunTime:0.002000s ]
SQL: SELECT * FROM `t_node_view` WHERE `nname` LIKE '%%' AND ( `vname` LIKE '%%' OR `cname` LIKE '%%' OR `dname` LIKE '%%' ) LIMIT 0,20   [ RunTime:0.003000s ]
INFO: [ view_parse ] --START--
INFO: [ template_filter ] --START--
INFO: Run Behavior\ContentReplaceBehavior [ RunTime:0.001000s ]
INFO: [ template_filter ] --END-- [ RunTime:0.003000s ]
INFO: Run Behavior\ParseTemplateBehavior [ RunTime:0.077005s ]
INFO: [ view_parse ] --END-- [ RunTime:0.079005s ]
INFO: [ view_filter ] --START--
INFO: Run Behavior\WriteHtmlCacheBehavior [ RunTime:0.002000s ]
INFO: [ view_filter ] --END-- [ RunTime:0.003000s ]
INFO: [ app_end ] --START--
INFO: Run Behavior\ShowPageTraceBehavior [ RunTime:0.002000s ]
INFO: [ app_end ] --END-- [ RunTime:0.004000s ]

[ 2014-09-02T20:22:57+08:00 ] ::1 /tcs/Home/Indexf
INFO: [ app_init ] --START--
INFO: Run Behavior\BuildLiteBehavior [ RunTime:0.000000s ]
INFO: [ app_init ] --END-- [ RunTime:0.004000s ]
INFO: [ app_begin ] --START--
INFO: Run Behavior\ReadHtmlCacheBehavior [ RunTime:0.002000s ]
INFO: [ app_begin ] --END-- [ RunTime:0.004000s ]
NOTIC: [8] A session had already been started - ignoring session_start() D:\Xampp\htdocs\tcs\tp\Common\functions.php 第 1191 行.
INFO: [ view_parse ] --START--
INFO: [ template_filter ] --START--
INFO: Run Behavior\ContentReplaceBehavior [ RunTime:0.000000s ]
INFO: [ template_filter ] --END-- [ RunTime:0.002000s ]
INFO: Run Behavior\ParseTemplateBehavior [ RunTime:0.039002s ]
INFO: [ view_parse ] --END-- [ RunTime:0.041002s ]
INFO: [ view_filter ] --START--
INFO: Run Behavior\WriteHtmlCacheBehavior [ RunTime:0.002001s ]
INFO: [ view_filter ] --END-- [ RunTime:0.004001s ]
INFO: [ app_end ] --START--
INFO: Run Behavior\ShowPageTraceBehavior [ RunTime:0.003000s ]
INFO: [ app_end ] --END-- [ RunTime:0.004000s ]

[ 2014-09-02T20:22:59+08:00 ] ::1 /tcs/Home/Innerf/node_map?_dc=1409660579126
INFO: [ app_init ] --START--
INFO: Run Behavior\BuildLiteBehavior [ RunTime:0.000000s ]
INFO: [ app_init ] --END-- [ RunTime:0.003000s ]
INFO: [ app_begin ] --START--
INFO: Run Behavior\ReadHtmlCacheBehavior [ RunTime:0.003000s ]
INFO: [ app_begin ] --END-- [ RunTime:0.032002s ]
NOTIC: [8] A session had already been started - ignoring session_start() D:\Xampp\htdocs\tcs\tp\Common\functions.php 第 1191 行.
INFO: [ view_parse ] --START--
INFO: [ template_filter ] --START--
INFO: Run Behavior\ContentReplaceBehavior [ RunTime:0.001000s ]
INFO: [ template_filter ] --END-- [ RunTime:0.004000s ]
INFO: Run Behavior\ParseTemplateBehavior [ RunTime:0.099006s ]
INFO: [ view_parse ] --END-- [ RunTime:0.100006s ]
INFO: [ view_filter ] --START--
INFO: Run Behavior\WriteHtmlCacheBehavior [ RunTime:0.003000s ]
INFO: [ view_filter ] --END-- [ RunTime:0.005000s ]
INFO: [ app_end ] --START--
INFO: Run Behavior\ShowPageTraceBehavior [ RunTime:0.002000s ]
INFO: [ app_end ] --END-- [ RunTime:0.004000s ]

[ 2014-09-02T20:23:04+08:00 ] ::1 /tcs/Home/Innerf/node_table?_dc=1409660584334
INFO: [ app_init ] --START--
INFO: Run Behavior\BuildLiteBehavior [ RunTime:0.001000s ]
INFO: [ app_init ] --END-- [ RunTime:0.003000s ]
INFO: [ app_begin ] --START--
INFO: Run Behavior\ReadHtmlCacheBehavior [ RunTime:0.001000s ]
INFO: [ app_begin ] --END-- [ RunTime:0.003000s ]
NOTIC: [8] A session had already been started - ignoring session_start() D:\Xampp\htdocs\tcs\tp\Common\functions.php 第 1191 行.
INFO: [ view_parse ] --START--
INFO: [ template_filter ] --START--
INFO: Run Behavior\ContentReplaceBehavior [ RunTime:0.001000s ]
INFO: [ template_filter ] --END-- [ RunTime:0.002000s ]
NOTIC: [8] Undefined variable: login_title D:\Xampp\htdocs\tcs\Application\Runtime\Cache\Home\93f02b85b463a0e139870315929eee83.php 第 29 行.
INFO: Run Behavior\ParseTemplateBehavior [ RunTime:0.053003s ]
INFO: [ view_parse ] --END-- [ RunTime:0.054003s ]
INFO: [ view_filter ] --START--
INFO: Run Behavior\WriteHtmlCacheBehavior [ RunTime:0.002000s ]
INFO: [ view_filter ] --END-- [ RunTime:0.003000s ]
INFO: [ app_end ] --START--
INFO: Run Behavior\ShowPageTraceBehavior [ RunTime:0.002000s ]
INFO: [ app_end ] --END-- [ RunTime:0.004000s ]

[ 2014-09-02T20:23:06+08:00 ] ::1 /tcs/Home/Inner/node_info_list
INFO: [ app_init ] --START--
INFO: Run Behavior\BuildLiteBehavior [ RunTime:0.001000s ]
INFO: [ app_init ] --END-- [ RunTime:0.004000s ]
INFO: [ app_begin ] --START--
INFO: Run Behavior\ReadHtmlCacheBehavior [ RunTime:0.002000s ]
INFO: [ app_begin ] --END-- [ RunTime:0.004000s ]
NOTIC: [8] A session had already been started - ignoring session_start() D:\Xampp\htdocs\tcs\tp\Common\functions.php 第 1191 行.
SQL: SHOW COLUMNS FROM `t_node_view` [ RunTime:0.008001s ]
SQL: SELECT COUNT(did) AS tp_count FROM `t_node_view` WHERE `nname` LIKE '%%' AND ( `vname` LIKE '%%' OR `cname` LIKE '%%' OR `dname` LIKE '%%' ) LIMIT 1   [ RunTime:0.005000s ]
SQL: SELECT * FROM `t_node_view` WHERE `nname` LIKE '%%' AND ( `vname` LIKE '%%' OR `cname` LIKE '%%' OR `dname` LIKE '%%' ) LIMIT 0,20   [ RunTime:0.005001s ]
INFO: [ view_parse ] --START--
INFO: [ template_filter ] --START--
INFO: Run Behavior\ContentReplaceBehavior [ RunTime:0.001000s ]
INFO: [ template_filter ] --END-- [ RunTime:0.003000s ]
INFO: Run Behavior\ParseTemplateBehavior [ RunTime:0.113006s ]
INFO: [ view_parse ] --END-- [ RunTime:0.115006s ]
INFO: [ view_filter ] --START--
INFO: Run Behavior\WriteHtmlCacheBehavior [ RunTime:0.001000s ]
INFO: [ view_filter ] --END-- [ RunTime:0.003000s ]
INFO: [ app_end ] --START--
INFO: Run Behavior\ShowPageTraceBehavior [ RunTime:0.002000s ]
INFO: [ app_end ] --END-- [ RunTime:0.003000s ]

[ 2014-09-02T20:23:17+08:00 ] ::1 /tcs/Home/Innerf/node_table?_dc=1409660597605
INFO: [ app_init ] --START--
INFO: Run Behavior\BuildLiteBehavior [ RunTime:0.001000s ]
INFO: [ app_init ] --END-- [ RunTime:0.003000s ]
INFO: [ app_begin ] --START--
INFO: Run Behavior\ReadHtmlCacheBehavior [ RunTime:0.002000s ]
INFO: [ app_begin ] --END-- [ RunTime:0.004000s ]
NOTIC: [8] A session had already been started - ignoring session_start() D:\Xampp\htdocs\tcs\tp\Common\functions.php 第 1191 行.
INFO: [ view_parse ] --START--
INFO: [ template_filter ] --START--
INFO: Run Behavior\ContentReplaceBehavior [ RunTime:0.001001s ]
INFO: [ template_filter ] --END-- [ RunTime:0.003001s ]
NOTIC: [8] Undefined variable: login_title D:\Xampp\htdocs\tcs\Application\Runtime\Cache\Home\93f02b85b463a0e139870315929eee83.php 第 29 行.
INFO: Run Behavior\ParseTemplateBehavior [ RunTime:0.078004s ]
INFO: [ view_parse ] --END-- [ RunTime:0.080005s ]
INFO: [ view_filter ] --START--
INFO: Run Behavior\WriteHtmlCacheBehavior [ RunTime:0.002000s ]
INFO: [ view_filter ] --END-- [ RunTime:0.003000s ]
INFO: [ app_end ] --START--
INFO: Run Behavior\ShowPageTraceBehavior [ RunTime:0.002001s ]
INFO: [ app_end ] --END-- [ RunTime:0.003001s ]

[ 2014-09-02T20:23:19+08:00 ] ::1 /tcs/Home/Inner/node_info_list
INFO: [ app_init ] --START--
INFO: Run Behavior\BuildLiteBehavior [ RunTime:0.001000s ]
INFO: [ app_init ] --END-- [ RunTime:0.005000s ]
INFO: [ app_begin ] --START--
INFO: Run Behavior\ReadHtmlCacheBehavior [ RunTime:0.003000s ]
INFO: [ app_begin ] --END-- [ RunTime:0.004000s ]
NOTIC: [8] A session had already been started - ignoring session_start() D:\Xampp\htdocs\tcs\tp\Common\functions.php 第 1191 行.
SQL: SHOW COLUMNS FROM `t_node_view` [ RunTime:0.008001s ]
SQL: SELECT COUNT(did) AS tp_count FROM `t_node_view` WHERE `nname` LIKE '%%' AND ( `vname` LIKE '%%' OR `cname` LIKE '%%' OR `dname` LIKE '%%' ) LIMIT 1   [ RunTime:0.002000s ]
SQL: SELECT * FROM `t_node_view` WHERE `nname` LIKE '%%' AND ( `vname` LIKE '%%' OR `cname` LIKE '%%' OR `dname` LIKE '%%' ) LIMIT 0,20   [ RunTime:0.002000s ]
INFO: [ view_parse ] --START--
INFO: [ template_filter ] --START--
INFO: Run Behavior\ContentReplaceBehavior [ RunTime:0.000000s ]
INFO: [ template_filter ] --END-- [ RunTime:0.002000s ]
INFO: Run Behavior\ParseTemplateBehavior [ RunTime:0.072005s ]
INFO: [ view_parse ] --END-- [ RunTime:0.074005s ]
INFO: [ view_filter ] --START--
INFO: Run Behavior\WriteHtmlCacheBehavior [ RunTime:0.002000s ]
INFO: [ view_filter ] --END-- [ RunTime:0.003000s ]
INFO: [ app_end ] --START--
INFO: Run Behavior\ShowPageTraceBehavior [ RunTime:0.001000s ]
INFO: [ app_end ] --END-- [ RunTime:0.003000s ]

[ 2014-09-02T20:23:29+08:00 ] ::1 /tcs/Home/Inner/node_info_list
INFO: [ app_init ] --START--
INFO: Run Behavior\BuildLiteBehavior [ RunTime:0.000000s ]
INFO: [ app_init ] --END-- [ RunTime:0.003000s ]
INFO: [ app_begin ] --START--
INFO: Run Behavior\ReadHtmlCacheBehavior [ RunTime:0.002000s ]
INFO: [ app_begin ] --END-- [ RunTime:0.004001s ]
NOTIC: [8] A session had already been started - ignoring session_start() D:\Xampp\htdocs\tcs\tp\Common\functions.php 第 1191 行.
SQL: SHOW COLUMNS FROM `t_node_view` [ RunTime:0.010000s ]
SQL: SELECT COUNT(did) AS tp_count FROM `t_node_view` WHERE `nname` LIKE '%%' AND ( `vname` LIKE '%%' OR `cname` LIKE '%%' OR `dname` LIKE '%%' ) LIMIT 1   [ RunTime:0.004000s ]
SQL: SELECT * FROM `t_node_view` WHERE `nname` LIKE '%%' AND ( `vname` LIKE '%%' OR `cname` LIKE '%%' OR `dname` LIKE '%%' ) LIMIT 0,20   [ RunTime:0.006000s ]
INFO: [ view_parse ] --START--
INFO: [ template_filter ] --START--
INFO: Run Behavior\ContentReplaceBehavior [ RunTime:0.001000s ]
INFO: [ template_filter ] --END-- [ RunTime:0.002000s ]
INFO: Run Behavior\ParseTemplateBehavior [ RunTime:0.078004s ]
INFO: [ view_parse ] --END-- [ RunTime:0.080004s ]
INFO: [ view_filter ] --START--
INFO: Run Behavior\WriteHtmlCacheBehavior [ RunTime:0.002000s ]
INFO: [ view_filter ] --END-- [ RunTime:0.004001s ]
INFO: [ app_end ] --START--
INFO: Run Behavior\ShowPageTraceBehavior [ RunTime:0.002000s ]
INFO: [ app_end ] --END-- [ RunTime:0.004000s ]

[ 2014-09-02T20:31:34+08:00 ] ::1 /tcs/Home/Inner/node_info_list
INFO: [ app_init ] --START--
INFO: Run Behavior\BuildLiteBehavior [ RunTime:0.001000s ]
INFO: [ app_init ] --END-- [ RunTime:0.004000s ]
INFO: [ app_begin ] --START--
INFO: Run Behavior\ReadHtmlCacheBehavior [ RunTime:0.002001s ]
INFO: [ app_begin ] --END-- [ RunTime:0.005001s ]
NOTIC: [8] A session had already been started - ignoring session_start() D:\Xampp\htdocs\tcs\tp\Common\functions.php 第 1191 行.
SQL: SHOW COLUMNS FROM `t_node_view` [ RunTime:0.008001s ]
SQL: SELECT COUNT(did) AS tp_count FROM `t_node_view` WHERE `nname` LIKE '%%' AND ( `vname` LIKE '%%' OR `cname` LIKE '%%' OR `dname` LIKE '%%' ) LIMIT 1   [ RunTime:0.003000s ]
SQL: SELECT * FROM `t_node_view` WHERE `nname` LIKE '%%' AND ( `vname` LIKE '%%' OR `cname` LIKE '%%' OR `dname` LIKE '%%' ) LIMIT 0,20   [ RunTime:0.004000s ]
INFO: [ view_parse ] --START--
INFO: [ template_filter ] --START--
INFO: Run Behavior\ContentReplaceBehavior [ RunTime:0.006000s ]
INFO: [ template_filter ] --END-- [ RunTime:0.009001s ]
INFO: Run Behavior\ParseTemplateBehavior [ RunTime:0.091006s ]
INFO: [ view_parse ] --END-- [ RunTime:0.093006s ]
INFO: [ view_filter ] --START--
INFO: Run Behavior\WriteHtmlCacheBehavior [ RunTime:0.002000s ]
INFO: [ view_filter ] --END-- [ RunTime:0.004000s ]
INFO: [ app_end ] --START--
INFO: Run Behavior\ShowPageTraceBehavior [ RunTime:0.003000s ]
INFO: [ app_end ] --END-- [ RunTime:0.005000s ]

[ 2014-09-02T20:33:05+08:00 ] ::1 /tcs/Home/Inner/node_info_list
INFO: [ app_init ] --START--
INFO: Run Behavior\BuildLiteBehavior [ RunTime:0.001001s ]
INFO: [ app_init ] --END-- [ RunTime:0.005001s ]
INFO: [ app_begin ] --START--
INFO: Run Behavior\ReadHtmlCacheBehavior [ RunTime:0.003000s ]
INFO: [ app_begin ] --END-- [ RunTime:0.007000s ]
NOTIC: [8] A session had already been started - ignoring session_start() D:\Xampp\htdocs\tcs\tp\Common\functions.php 第 1191 行.
SQL: SHOW COLUMNS FROM `t_node_view` [ RunTime:0.009001s ]
SQL: SELECT COUNT(did) AS tp_count FROM `t_node_view` WHERE `nname` LIKE '%%' AND ( `vname` LIKE '%%' OR `cname` LIKE '%%' OR `dname` LIKE '%%' ) LIMIT 1   [ RunTime:0.004000s ]
SQL: SELECT * FROM `t_node_view` WHERE `nname` LIKE '%%' AND ( `vname` LIKE '%%' OR `cname` LIKE '%%' OR `dname` LIKE '%%' ) LIMIT 0,20   [ RunTime:0.005001s ]
INFO: [ view_parse ] --START--
INFO: [ template_filter ] --START--
INFO: Run Behavior\ContentReplaceBehavior [ RunTime:0.001000s ]
INFO: [ template_filter ] --END-- [ RunTime:0.003000s ]
INFO: Run Behavior\ParseTemplateBehavior [ RunTime:0.084005s ]
INFO: [ view_parse ] --END-- [ RunTime:0.086005s ]
INFO: [ view_filter ] --START--
INFO: Run Behavior\WriteHtmlCacheBehavior [ RunTime:0.002000s ]
INFO: [ view_filter ] --END-- [ RunTime:0.005000s ]
INFO: [ app_end ] --START--
INFO: Run Behavior\ShowPageTraceBehavior [ RunTime:0.003000s ]
INFO: [ app_end ] --END-- [ RunTime:0.005001s ]

[ 2014-09-02T20:36:01+08:00 ] ::1 /tcs/Home/Inner/node_info_list
INFO: [ app_init ] --START--
INFO: Run Behavior\BuildLiteBehavior [ RunTime:0.001000s ]
INFO: [ app_init ] --END-- [ RunTime:0.003000s ]
INFO: [ app_begin ] --START--
INFO: Run Behavior\ReadHtmlCacheBehavior [ RunTime:0.005000s ]
INFO: [ app_begin ] --END-- [ RunTime:0.006000s ]
NOTIC: [8] A session had already been started - ignoring session_start() D:\Xampp\htdocs\tcs\tp\Common\functions.php 第 1191 行.
SQL: SHOW COLUMNS FROM `t_node_view` [ RunTime:0.007001s ]
NOTIC: [8] Undefined variable: condmap D:\Xampp\htdocs\tcs\Application\Home\Controller\InnerController.class.php 第 143 行.
SQL: SELECT COUNT(did) AS tp_count FROM `t_node_view` LIMIT 1   [ RunTime:0.002000s ]
NOTIC: [8] Undefined variable: condmap D:\Xampp\htdocs\tcs\Application\Home\Controller\InnerController.class.php 第 145 行.
SQL: SELECT * FROM `t_node_view` LIMIT 0,20   [ RunTime:0.004000s ]
INFO: [ view_parse ] --START--
INFO: [ template_filter ] --START--
INFO: Run Behavior\ContentReplaceBehavior [ RunTime:0.001000s ]
INFO: [ template_filter ] --END-- [ RunTime:0.003000s ]
INFO: Run Behavior\ParseTemplateBehavior [ RunTime:0.121007s ]
INFO: [ view_parse ] --END-- [ RunTime:0.123007s ]
INFO: [ view_filter ] --START--
INFO: Run Behavior\WriteHtmlCacheBehavior [ RunTime:0.003000s ]
INFO: [ view_filter ] --END-- [ RunTime:0.004001s ]
INFO: [ app_end ] --START--
INFO: Run Behavior\ShowPageTraceBehavior [ RunTime:0.003000s ]
INFO: [ app_end ] --END-- [ RunTime:0.005000s ]

[ 2014-09-02T20:36:08+08:00 ] ::1 /tcs/Home/Innerf/node_table?_dc=1409661368200
INFO: [ app_init ] --START--
INFO: Run Behavior\BuildLiteBehavior [ RunTime:0.000000s ]
INFO: [ app_init ] --END-- [ RunTime:0.003000s ]
INFO: [ app_begin ] --START--
INFO: Run Behavior\ReadHtmlCacheBehavior [ RunTime:0.004000s ]
INFO: [ app_begin ] --END-- [ RunTime:0.006000s ]
NOTIC: [8] A session had already been started - ignoring session_start() D:\Xampp\htdocs\tcs\tp\Common\functions.php 第 1191 行.
INFO: [ view_parse ] --START--
INFO: [ template_filter ] --START--
INFO: Run Behavior\ContentReplaceBehavior [ RunTime:0.000000s ]
INFO: [ template_filter ] --END-- [ RunTime:0.002000s ]
NOTIC: [8] Undefined variable: login_title D:\Xampp\htdocs\tcs\Application\Runtime\Cache\Home\93f02b85b463a0e139870315929eee83.php 第 29 行.
INFO: Run Behavior\ParseTemplateBehavior [ RunTime:0.047003s ]
INFO: [ view_parse ] --END-- [ RunTime:0.049003s ]
INFO: [ view_filter ] --START--
INFO: Run Behavior\WriteHtmlCacheBehavior [ RunTime:0.003000s ]
INFO: [ view_filter ] --END-- [ RunTime:0.004000s ]
INFO: [ app_end ] --START--
INFO: Run Behavior\ShowPageTraceBehavior [ RunTime:0.002000s ]
INFO: [ app_end ] --END-- [ RunTime:0.004000s ]

[ 2014-09-02T20:36:09+08:00 ] ::1 /tcs/Home/Inner/node_info_list
INFO: [ app_init ] --START--
INFO: Run Behavior\BuildLiteBehavior [ RunTime:0.000000s ]
INFO: [ app_init ] --END-- [ RunTime:0.004001s ]
INFO: [ app_begin ] --START--
INFO: Run Behavior\ReadHtmlCacheBehavior [ RunTime:0.003001s ]
INFO: [ app_begin ] --END-- [ RunTime:0.004001s ]
NOTIC: [8] A session had already been started - ignoring session_start() D:\Xampp\htdocs\tcs\tp\Common\functions.php 第 1191 行.
SQL: SHOW COLUMNS FROM `t_node_view` [ RunTime:0.010000s ]
NOTIC: [8] Undefined variable: condmap D:\Xampp\htdocs\tcs\Application\Home\Controller\InnerController.class.php 第 143 行.
SQL: SELECT COUNT(did) AS tp_count FROM `t_node_view` LIMIT 1   [ RunTime:0.003000s ]
NOTIC: [8] Undefined variable: condmap D:\Xampp\htdocs\tcs\Application\Home\Controller\InnerController.class.php 第 145 行.
SQL: SELECT * FROM `t_node_view` LIMIT 0,20   [ RunTime:0.083005s ]
INFO: [ view_parse ] --START--
INFO: [ template_filter ] --START--
INFO: Run Behavior\ContentReplaceBehavior [ RunTime:0.001000s ]
INFO: [ template_filter ] --END-- [ RunTime:0.003000s ]
INFO: Run Behavior\ParseTemplateBehavior [ RunTime:0.076005s ]
INFO: [ view_parse ] --END-- [ RunTime:0.078005s ]
INFO: [ view_filter ] --START--
INFO: Run Behavior\WriteHtmlCacheBehavior [ RunTime:0.002000s ]
INFO: [ view_filter ] --END-- [ RunTime:0.004000s ]
INFO: [ app_end ] --START--
INFO: Run Behavior\ShowPageTraceBehavior [ RunTime:0.002000s ]
INFO: [ app_end ] --END-- [ RunTime:0.003000s ]

[ 2014-09-02T20:36:18+08:00 ] ::1 /tcs/Home/Inner/node_info_list
INFO: [ app_init ] --START--
INFO: Run Behavior\BuildLiteBehavior [ RunTime:0.001000s ]
INFO: [ app_init ] --END-- [ RunTime:0.003001s ]
INFO: [ app_begin ] --START--
INFO: Run Behavior\ReadHtmlCacheBehavior [ RunTime:0.002000s ]
INFO: [ app_begin ] --END-- [ RunTime:0.003001s ]
NOTIC: [8] A session had already been started - ignoring session_start() D:\Xampp\htdocs\tcs\tp\Common\functions.php 第 1191 行.
SQL: SHOW COLUMNS FROM `t_node_view` [ RunTime:0.008001s ]
SQL: SELECT COUNT(did) AS tp_count FROM `t_node_view` WHERE `nname` LIKE '%名称%' LIMIT 1   [ RunTime:0.003000s ]
SQL: SELECT * FROM `t_node_view` WHERE `nname` LIKE '%名称%' LIMIT 0,20   [ RunTime:0.006000s ]
INFO: [ view_parse ] --START--
INFO: [ template_filter ] --START--
INFO: Run Behavior\ContentReplaceBehavior [ RunTime:0.000000s ]
INFO: [ template_filter ] --END-- [ RunTime:0.002000s ]
INFO: Run Behavior\ParseTemplateBehavior [ RunTime:0.079004s ]
INFO: [ view_parse ] --END-- [ RunTime:0.082004s ]
INFO: [ view_filter ] --START--
INFO: Run Behavior\WriteHtmlCacheBehavior [ RunTime:0.002000s ]
INFO: [ view_filter ] --END-- [ RunTime:0.003000s ]
INFO: [ app_end ] --START--
INFO: Run Behavior\ShowPageTraceBehavior [ RunTime:0.005000s ]
INFO: [ app_end ] --END-- [ RunTime:0.007000s ]

[ 2014-09-02T20:36:25+08:00 ] ::1 /tcs/Home/Inner/node_info_list
INFO: [ app_init ] --START--
INFO: Run Behavior\BuildLiteBehavior [ RunTime:0.000000s ]
INFO: [ app_init ] --END-- [ RunTime:0.003000s ]
INFO: [ app_begin ] --START--
INFO: Run Behavior\ReadHtmlCacheBehavior [ RunTime:0.003000s ]
INFO: [ app_begin ] --END-- [ RunTime:0.004000s ]
NOTIC: [8] A session had already been started - ignoring session_start() D:\Xampp\htdocs\tcs\tp\Common\functions.php 第 1191 行.
SQL: SHOW COLUMNS FROM `t_node_view` [ RunTime:0.010000s ]
NOTIC: [8] Undefined variable: condmap D:\Xampp\htdocs\tcs\Application\Home\Controller\InnerController.class.php 第 143 行.
SQL: SELECT COUNT(did) AS tp_count FROM `t_node_view` LIMIT 1   [ RunTime:0.003000s ]
NOTIC: [8] Undefined variable: condmap D:\Xampp\htdocs\tcs\Application\Home\Controller\InnerController.class.php 第 145 行.
SQL: SELECT * FROM `t_node_view` LIMIT 0,20   [ RunTime:0.004001s ]
INFO: [ view_parse ] --START--
INFO: [ template_filter ] --START--
INFO: Run Behavior\ContentReplaceBehavior [ RunTime:0.001000s ]
INFO: [ template_filter ] --END-- [ RunTime:0.003000s ]
INFO: Run Behavior\ParseTemplateBehavior [ RunTime:0.074004s ]
INFO: [ view_parse ] --END-- [ RunTime:0.075004s ]
INFO: [ view_filter ] --START--
INFO: Run Behavior\WriteHtmlCacheBehavior [ RunTime:0.002000s ]
INFO: [ view_filter ] --END-- [ RunTime:0.004000s ]
INFO: [ app_end ] --START--
INFO: Run Behavior\ShowPageTraceBehavior [ RunTime:0.002000s ]
INFO: [ app_end ] --END-- [ RunTime:0.004000s ]

[ 2014-09-02T20:43:48+08:00 ] ::1 /tcs/Home/Innerf/node_info_single
INFO: [ app_init ] --START--
INFO: Run Behavior\BuildLiteBehavior [ RunTime:0.001000s ]
INFO: [ app_init ] --END-- [ RunTime:0.003000s ]
INFO: [ app_begin ] --START--
INFO: Run Behavior\ReadHtmlCacheBehavior [ RunTime:0.003000s ]
INFO: [ app_begin ] --END-- [ RunTime:0.003000s ]
NOTIC: [8] A session had already been started - ignoring session_start() D:\Xampp\htdocs\tcs\tp\Common\functions.php 第 1191 行.
SQL: SHOW COLUMNS FROM `t_node_view` [ RunTime:0.009001s ]
SQL: SELECT * FROM `t_node_view` WHERE `baidu_id` = '483801216' LIMIT 1   [ RunTime:0.003000s ]
INFO: [ view_parse ] --START--
INFO: [ template_filter ] --START--
INFO: Run Behavior\ContentReplaceBehavior [ RunTime:0.001000s ]
INFO: [ template_filter ] --END-- [ RunTime:0.002000s ]
INFO: Run Behavior\ParseTemplateBehavior [ RunTime:0.034002s ]
INFO: [ view_parse ] --END-- [ RunTime:0.035002s ]
INFO: [ view_filter ] --START--
INFO: Run Behavior\WriteHtmlCacheBehavior [ RunTime:0.002000s ]
INFO: [ view_filter ] --END-- [ RunTime:0.003000s ]
INFO: [ app_end ] --START--
INFO: Run Behavior\ShowPageTraceBehavior [ RunTime:0.003000s ]
INFO: [ app_end ] --END-- [ RunTime:0.004000s ]

[ 2014-09-02T20:44:50+08:00 ] ::1 /tcs/Home/Innerf/node_edit?_dc=1409661888703&pnid=861311002450046&pnname=%E6%B5%8B%E8%AF%95&pnmode=0&pmix_scale=0&pmix_level=0&pmix_freq=0&pnh3=0&ph2s=0
INFO: [ app_init ] --START--
INFO: Run Behavior\BuildLiteBehavior [ RunTime:0.000000s ]
INFO: [ app_init ] --END-- [ RunTime:0.005000s ]
INFO: [ app_begin ] --START--
INFO: Run Behavior\ReadHtmlCacheBehavior [ RunTime:0.003001s ]
INFO: [ app_begin ] --END-- [ RunTime:0.004001s ]
NOTIC: [8] A session had already been started - ignoring session_start() D:\Xampp\htdocs\tcs\tp\Common\functions.php 第 1191 行.
SQL: SHOW COLUMNS FROM `t_node` [ RunTime:0.008000s ]
SQL: UPDATE `t_node` SET `nname`='测试' WHERE `nid` = '861311002450046' [ RunTime:0.043002s ]
SQL: SHOW COLUMNS FROM `t_node_op` [ RunTime:0.006001s ]
SQL: INSERT INTO `t_node_op` (`nid`,`otype`,`otime`,`mix_scale`,`mix_level`,`mix_freq`,`onh3`,`oh2s`,`oresult`) VALUES ('861311002450046','0','2014-09-02 20:44:49',0,0,0,0,0,0) [ RunTime:0.041003s ]
INFO: [ view_parse ] --START--
INFO: [ template_filter ] --START--
INFO: Run Behavior\ContentReplaceBehavior [ RunTime:0.000000s ]
INFO: [ template_filter ] --END-- [ RunTime:0.002000s ]
INFO: Run Behavior\ParseTemplateBehavior [ RunTime:0.033002s ]
INFO: [ view_parse ] --END-- [ RunTime:0.034002s ]
INFO: [ view_filter ] --START--
INFO: Run Behavior\WriteHtmlCacheBehavior [ RunTime:0.003000s ]
INFO: [ view_filter ] --END-- [ RunTime:0.003000s ]
INFO: [ app_end ] --START--
INFO: Run Behavior\ShowPageTraceBehavior [ RunTime:0.002000s ]
INFO: [ app_end ] --END-- [ RunTime:0.003000s ]

[ 2014-09-02T20:44:51+08:00 ] ::1 /tcs/Home/Inner/node_info_list
INFO: [ app_init ] --START--
INFO: Run Behavior\BuildLiteBehavior [ RunTime:0.001000s ]
INFO: [ app_init ] --END-- [ RunTime:0.006001s ]
INFO: [ app_begin ] --START--
INFO: Run Behavior\ReadHtmlCacheBehavior [ RunTime:0.002000s ]
INFO: [ app_begin ] --END-- [ RunTime:0.004000s ]
NOTIC: [8] A session had already been started - ignoring session_start() D:\Xampp\htdocs\tcs\tp\Common\functions.php 第 1191 行.
SQL: SHOW COLUMNS FROM `t_node_view` [ RunTime:0.007000s ]
NOTIC: [8] Undefined variable: condmap D:\Xampp\htdocs\tcs\Application\Home\Controller\InnerController.class.php 第 143 行.
SQL: SELECT COUNT(did) AS tp_count FROM `t_node_view` LIMIT 1   [ RunTime:0.003000s ]
NOTIC: [8] Undefined variable: condmap D:\Xampp\htdocs\tcs\Application\Home\Controller\InnerController.class.php 第 145 行.
SQL: SELECT * FROM `t_node_view` LIMIT 0,20   [ RunTime:0.003000s ]
INFO: [ view_parse ] --START--
INFO: [ template_filter ] --START--
INFO: Run Behavior\ContentReplaceBehavior [ RunTime:0.001000s ]
INFO: [ template_filter ] --END-- [ RunTime:0.003000s ]
INFO: Run Behavior\ParseTemplateBehavior [ RunTime:0.076004s ]
INFO: [ view_parse ] --END-- [ RunTime:0.078004s ]
INFO: [ view_filter ] --START--
INFO: Run Behavior\WriteHtmlCacheBehavior [ RunTime:0.003000s ]
INFO: [ view_filter ] --END-- [ RunTime:0.004000s ]
INFO: [ app_end ] --START--
INFO: Run Behavior\ShowPageTraceBehavior [ RunTime:0.002000s ]
INFO: [ app_end ] --END-- [ RunTime:0.004000s ]

[ 2014-09-02T21:04:17+08:00 ] ::1 /tcs/Home/Innerf/node_info_single
INFO: [ app_init ] --START--
INFO: Run Behavior\BuildLiteBehavior [ RunTime:0.001000s ]
INFO: [ app_init ] --END-- [ RunTime:0.004000s ]
INFO: [ app_begin ] --START--
INFO: Run Behavior\ReadHtmlCacheBehavior [ RunTime:0.002000s ]
INFO: [ app_begin ] --END-- [ RunTime:0.004000s ]
NOTIC: [8] A session had already been started - ignoring session_start() D:\Xampp\htdocs\tcs\tp\Common\functions.php 第 1191 行.
SQL: SHOW COLUMNS FROM `t_node_view` [ RunTime:0.008001s ]
SQL: SELECT * FROM `t_node_view` WHERE `baidu_id` = '483801216' LIMIT 1   [ RunTime:0.003000s ]
INFO: [ view_parse ] --START--
INFO: [ template_filter ] --START--
INFO: Run Behavior\ContentReplaceBehavior [ RunTime:0.001000s ]
INFO: [ template_filter ] --END-- [ RunTime:0.003000s ]
INFO: Run Behavior\ParseTemplateBehavior [ RunTime:0.104005s ]
INFO: [ view_parse ] --END-- [ RunTime:0.106007s ]
INFO: [ view_filter ] --START--
INFO: Run Behavior\WriteHtmlCacheBehavior [ RunTime:0.001000s ]
INFO: [ view_filter ] --END-- [ RunTime:0.004000s ]
INFO: [ app_end ] --START--
INFO: Run Behavior\ShowPageTraceBehavior [ RunTime:0.002000s ]
INFO: [ app_end ] --END-- [ RunTime:0.004000s ]

[ 2014-09-02T21:04:55+08:00 ] ::1 /tcs/Home/Innerf/node_edit?_dc=1409663089706&pnid=861311002450046&pnmode=2&pnname=%E6%B5%8B%E8%AF%95&pmix_scale=12&pmix_level=10
INFO: [ app_init ] --START--
INFO: Run Behavior\BuildLiteBehavior [ RunTime:0.001000s ]
INFO: [ app_init ] --END-- [ RunTime:0.003001s ]
INFO: [ app_begin ] --START--
INFO: Run Behavior\ReadHtmlCacheBehavior [ RunTime:0.002001s ]
INFO: [ app_begin ] --END-- [ RunTime:0.004001s ]
NOTIC: [8] A session had already been started - ignoring session_start() D:\Xampp\htdocs\tcs\tp\Common\functions.php 第 1191 行.
SQL: SHOW COLUMNS FROM `t_node` [ RunTime:0.007001s ]
SQL: UPDATE `t_node` SET `nname`='测试' WHERE `nid` = '861311002450046' [ RunTime:0.038003s ]
SQL: SHOW COLUMNS FROM `t_node_op` [ RunTime:0.007000s ]
SQL: INSERT INTO `t_node_op` (`nid`,`otype`,`otime`,`mix_scale`,`mix_level`,`mix_freq`,`onh3`,`oh2s`,`oresult`) VALUES ('861311002450046','2','2014-09-02 21:04:50',12,10,0,0,0,0) [ RunTime:0.026001s ]
INFO: [ view_parse ] --START--
INFO: [ template_filter ] --START--
INFO: Run Behavior\ContentReplaceBehavior [ RunTime:0.000000s ]
INFO: [ template_filter ] --END-- [ RunTime:0.002001s ]
INFO: Run Behavior\ParseTemplateBehavior [ RunTime:0.031002s ]
INFO: [ view_parse ] --END-- [ RunTime:0.033002s ]
INFO: [ view_filter ] --START--
INFO: Run Behavior\WriteHtmlCacheBehavior [ RunTime:0.001000s ]
INFO: [ view_filter ] --END-- [ RunTime:0.003000s ]
INFO: [ app_end ] --START--
INFO: Run Behavior\ShowPageTraceBehavior [ RunTime:0.002000s ]
INFO: [ app_end ] --END-- [ RunTime:0.003000s ]

[ 2014-09-02T21:23:31+08:00 ] ::1 /tcs/Home/Innerf/node_table?_dc=1409664210923
INFO: [ app_init ] --START--
INFO: Run Behavior\BuildLiteBehavior [ RunTime:0.001000s ]
INFO: [ app_init ] --END-- [ RunTime:0.004001s ]
INFO: [ app_begin ] --START--
INFO: Run Behavior\ReadHtmlCacheBehavior [ RunTime:0.003000s ]
INFO: [ app_begin ] --END-- [ RunTime:0.004000s ]
NOTIC: [8] A session had already been started - ignoring session_start() D:\Xampp\htdocs\tcs\tp\Common\functions.php 第 1191 行.
INFO: [ view_parse ] --START--
INFO: [ template_filter ] --START--
INFO: Run Behavior\ContentReplaceBehavior [ RunTime:0.001000s ]
INFO: [ template_filter ] --END-- [ RunTime:0.003000s ]
NOTIC: [8] Undefined variable: login_title D:\Xampp\htdocs\tcs\Application\Runtime\Cache\Home\93f02b85b463a0e139870315929eee83.php 第 29 行.
INFO: Run Behavior\ParseTemplateBehavior [ RunTime:0.056003s ]
INFO: [ view_parse ] --END-- [ RunTime:0.058003s ]
INFO: [ view_filter ] --START--
INFO: Run Behavior\WriteHtmlCacheBehavior [ RunTime:0.002000s ]
INFO: [ view_filter ] --END-- [ RunTime:0.003000s ]
INFO: [ app_end ] --START--
INFO: Run Behavior\ShowPageTraceBehavior [ RunTime:0.002000s ]
INFO: [ app_end ] --END-- [ RunTime:0.004000s ]

[ 2014-09-02T21:23:32+08:00 ] ::1 /tcs/Home/Inner/node_info_list
INFO: [ app_init ] --START--
INFO: Run Behavior\BuildLiteBehavior [ RunTime:0.001000s ]
INFO: [ app_init ] --END-- [ RunTime:0.004000s ]
INFO: [ app_begin ] --START--
INFO: Run Behavior\ReadHtmlCacheBehavior [ RunTime:0.002000s ]
INFO: [ app_begin ] --END-- [ RunTime:0.004000s ]
NOTIC: [8] A session had already been started - ignoring session_start() D:\Xampp\htdocs\tcs\tp\Common\functions.php 第 1191 行.
SQL: SHOW COLUMNS FROM `t_node_view` [ RunTime:0.007001s ]
NOTIC: [8] Undefined variable: condmap D:\Xampp\htdocs\tcs\Application\Home\Controller\InnerController.class.php 第 143 行.
SQL: SELECT COUNT(did) AS tp_count FROM `t_node_view` LIMIT 1   [ RunTime:0.003000s ]
NOTIC: [8] Undefined variable: condmap D:\Xampp\htdocs\tcs\Application\Home\Controller\InnerController.class.php 第 145 行.
SQL: SELECT * FROM `t_node_view` LIMIT 0,20   [ RunTime:0.004000s ]
INFO: [ view_parse ] --START--
INFO: [ template_filter ] --START--
INFO: Run Behavior\ContentReplaceBehavior [ RunTime:0.001000s ]
INFO: [ template_filter ] --END-- [ RunTime:0.003000s ]
INFO: Run Behavior\ParseTemplateBehavior [ RunTime:0.074004s ]
INFO: [ view_parse ] --END-- [ RunTime:0.075004s ]
INFO: [ view_filter ] --START--
INFO: Run Behavior\WriteHtmlCacheBehavior [ RunTime:0.002000s ]
INFO: [ view_filter ] --END-- [ RunTime:0.003000s ]
INFO: [ app_end ] --START--
INFO: Run Behavior\ShowPageTraceBehavior [ RunTime:0.001000s ]
INFO: [ app_end ] --END-- [ RunTime:0.003000s ]

[ 2014-09-02T21:25:13+08:00 ] ::1 /tcs/Home/Innerf/node_info_single
INFO: [ app_init ] --START--
INFO: Run Behavior\BuildLiteBehavior [ RunTime:0.000000s ]
INFO: [ app_init ] --END-- [ RunTime:0.003000s ]
INFO: [ app_begin ] --START--
INFO: Run Behavior\ReadHtmlCacheBehavior [ RunTime:0.002000s ]
INFO: [ app_begin ] --END-- [ RunTime:0.003000s ]
NOTIC: [8] A session had already been started - ignoring session_start() D:\Xampp\htdocs\tcs\tp\Common\functions.php 第 1191 行.
SQL: SHOW COLUMNS FROM `t_node_view` [ RunTime:0.007000s ]
SQL: SELECT * FROM `t_node_view` WHERE `baidu_id` = '483801216' LIMIT 1   [ RunTime:0.003000s ]
INFO: [ view_parse ] --START--
INFO: Run Behavior\ParseTemplateBehavior [ RunTime:0.003001s ]
INFO: [ view_parse ] --END-- [ RunTime:0.005001s ]
INFO: [ view_filter ] --START--
INFO: Run Behavior\WriteHtmlCacheBehavior [ RunTime:0.002000s ]
INFO: [ view_filter ] --END-- [ RunTime:0.003000s ]
INFO: [ app_end ] --START--
INFO: Run Behavior\ShowPageTraceBehavior [ RunTime:0.002000s ]
INFO: [ app_end ] --END-- [ RunTime:0.003000s ]

[ 2014-09-02T21:25:59+08:00 ] ::1 /tcs/Home/Innerf/node_edit?_dc=1409664326609&pnid=861311002450046&pnmode=2&pnname=%E6%B5%8B%E8%AF%95&pmix_scale=12&pmix_level=10
INFO: [ app_init ] --START--
INFO: Run Behavior\BuildLiteBehavior [ RunTime:0.000000s ]
INFO: [ app_init ] --END-- [ RunTime:0.003001s ]
INFO: [ app_begin ] --START--
INFO: Run Behavior\ReadHtmlCacheBehavior [ RunTime:0.002000s ]
INFO: [ app_begin ] --END-- [ RunTime:0.004000s ]
NOTIC: [8] A session had already been started - ignoring session_start() D:\Xampp\htdocs\tcs\tp\Common\functions.php 第 1191 行.
SQL: SHOW COLUMNS FROM `t_node` [ RunTime:0.006001s ]
SQL: UPDATE `t_node` SET `nname`='测试' WHERE `nid` = '861311002450046' [ RunTime:0.092005s ]
SQL: SHOW COLUMNS FROM `t_node_op` [ RunTime:0.006000s ]
SQL: INSERT INTO `t_node_op` (`nid`,`otype`,`otime`,`mix_scale`,`mix_level`,`mix_freq`,`onh3`,`oh2s`,`oresult`) VALUES ('861311002450046','2','2014-09-02 21:25:27',12,10,0,0,0,0) [ RunTime:0.039002s ]

[ 2014-09-02T21:27:12+08:00 ] ::1 /tcs/Home/Innerf/node_edit?_dc=1409664376513&pnid=861311002450046&pnmode=2&pnname=%E6%B5%8B%E8%AF%95&pmix_scale=12&pmix_level=10
INFO: [ app_init ] --START--
INFO: Run Behavior\BuildLiteBehavior [ RunTime:0.000000s ]
INFO: [ app_init ] --END-- [ RunTime:0.005000s ]
INFO: [ app_begin ] --START--
INFO: Run Behavior\ReadHtmlCacheBehavior [ RunTime:0.003000s ]
INFO: [ app_begin ] --END-- [ RunTime:0.005000s ]
NOTIC: [8] A session had already been started - ignoring session_start() D:\Xampp\htdocs\tcs\tp\Common\functions.php 第 1191 行.
SQL: SHOW COLUMNS FROM `t_node` [ RunTime:0.007000s ]
SQL: UPDATE `t_node` SET `nname`='测试' WHERE `nid` = '861311002450046' [ RunTime:0.072004s ]
SQL: SHOW COLUMNS FROM `t_node_op` [ RunTime:0.008000s ]
SQL: INSERT INTO `t_node_op` (`nid`,`otype`,`otime`,`mix_scale`,`mix_level`,`mix_freq`,`onh3`,`oh2s`,`oresult`) VALUES ('861311002450046','2','2014-09-02 21:26:17',12,10,0,0,0,0) [ RunTime:0.040002s ]

[ 2014-09-02T21:27:57+08:00 ] ::1 /tcs/Home/Innerf/node_edit?_dc=1409664456367&pnid=861311002450046&pnmode=2&pnname=%E6%B5%8B%E8%AF%95&pmix_scale=12&pmix_level=10
INFO: [ app_init ] --START--
INFO: Run Behavior\BuildLiteBehavior [ RunTime:0.000000s ]
INFO: [ app_init ] --END-- [ RunTime:0.003000s ]
INFO: [ app_begin ] --START--
INFO: Run Behavior\ReadHtmlCacheBehavior [ RunTime:0.002000s ]
INFO: [ app_begin ] --END-- [ RunTime:0.004000s ]
NOTIC: [8] A session had already been started - ignoring session_start() D:\Xampp\htdocs\tcs\tp\Common\functions.php 第 1191 行.
SQL: SHOW COLUMNS FROM `t_node` [ RunTime:0.006001s ]
SQL: UPDATE `t_node` SET `nname`='测试' WHERE `nid` = '861311002450046' [ RunTime:0.077005s ]
SQL: SHOW COLUMNS FROM `t_node_op` [ RunTime:0.006000s ]
SQL: INSERT INTO `t_node_op` (`nid`,`otype`,`otime`,`mix_scale`,`mix_level`,`mix_freq`,`onh3`,`oh2s`,`oresult`) VALUES ('861311002450046','2','2014-09-02 21:27:37',12,10,0,0,0,0) [ RunTime:0.029002s ]
INFO: [ view_parse ] --START--
INFO: Run Behavior\ParseTemplateBehavior [ RunTime:0.006000s ]
INFO: [ view_parse ] --END-- [ RunTime:0.008001s ]
INFO: [ view_filter ] --START--
INFO: Run Behavior\WriteHtmlCacheBehavior [ RunTime:0.002000s ]
INFO: [ view_filter ] --END-- [ RunTime:0.004000s ]
INFO: [ app_end ] --START--
INFO: Run Behavior\ShowPageTraceBehavior [ RunTime:0.003000s ]
INFO: [ app_end ] --END-- [ RunTime:0.005000s ]

[ 2014-09-02T21:28:24+08:00 ] ::1 /tcs/Home/Innerf/node_edit?_dc=1409664493278&pnid=861311002450046&pnmode=2&pnname=%E6%B5%8B%E8%AF%95&pmix_scale=12&pmix_level=10
INFO: [ app_init ] --START--
INFO: Run Behavior\BuildLiteBehavior [ RunTime:0.001000s ]
INFO: [ app_init ] --END-- [ RunTime:0.003001s ]
INFO: [ app_begin ] --START--
INFO: Run Behavior\ReadHtmlCacheBehavior [ RunTime:0.002001s ]
INFO: [ app_begin ] --END-- [ RunTime:0.003001s ]
NOTIC: [8] A session had already been started - ignoring session_start() D:\Xampp\htdocs\tcs\tp\Common\functions.php 第 1191 行.
SQL: SHOW COLUMNS FROM `t_node` [ RunTime:0.007000s ]
SQL: UPDATE `t_node` SET `nname`='测试' WHERE `nid` = '861311002450046' [ RunTime:0.020002s ]
SQL: SHOW COLUMNS FROM `t_node_op` [ RunTime:0.007000s ]
SQL: INSERT INTO `t_node_op` (`nid`,`otype`,`otime`,`mix_scale`,`mix_level`,`mix_freq`,`onh3`,`oh2s`,`oresult`) VALUES ('861311002450046','2','2014-09-02 21:28:14',12,10,0,0,0,0) [ RunTime:0.025001s ]
INFO: [ view_parse ] --START--
INFO: Run Behavior\ParseTemplateBehavior [ RunTime:0.004000s ]
INFO: [ view_parse ] --END-- [ RunTime:0.006001s ]
INFO: [ view_filter ] --START--
INFO: Run Behavior\WriteHtmlCacheBehavior [ RunTime:0.002000s ]
INFO: [ view_filter ] --END-- [ RunTime:0.003000s ]
INFO: [ app_end ] --START--
INFO: Run Behavior\ShowPageTraceBehavior [ RunTime:0.002000s ]
INFO: [ app_end ] --END-- [ RunTime:0.003000s ]

[ 2014-09-02T21:32:02+08:00 ] ::1 /tcs/Home/Innerf/node_edit?_dc=1409664716255&pnid=861311002450046&pnmode=2&pnname=%E6%B5%8B%E8%AF%95&pmix_scale=12&pmix_level=10
INFO: [ app_init ] --START--
INFO: Run Behavior\BuildLiteBehavior [ RunTime:0.000000s ]
INFO: [ app_init ] --END-- [ RunTime:0.003000s ]
INFO: [ app_begin ] --START--
INFO: Run Behavior\ReadHtmlCacheBehavior [ RunTime:0.002000s ]
INFO: [ app_begin ] --END-- [ RunTime:0.004001s ]
NOTIC: [8] A session had already been started - ignoring session_start() D:\Xampp\htdocs\tcs\tp\Common\functions.php 第 1191 行.
SQL: SHOW COLUMNS FROM `t_node` [ RunTime:0.007000s ]
SQL: UPDATE `t_node` SET `nname`='测试' WHERE `nid` = '861311002450046' [ RunTime:0.036002s ]
SQL: SHOW COLUMNS FROM `t_node_op` [ RunTime:0.007001s ]
SQL: INSERT INTO `t_node_op` (`nid`,`otype`,`otime`,`mix_scale`,`mix_level`,`mix_freq`,`onh3`,`oh2s`,`oresult`) VALUES ('861311002450046','2','2014-09-02 21:31:57',12,10,0,0,0,0) [ RunTime:0.020001s ]
INFO: [ view_parse ] --START--
INFO: Run Behavior\ParseTemplateBehavior [ RunTime:0.004001s ]
INFO: [ view_parse ] --END-- [ RunTime:0.005001s ]
INFO: [ view_filter ] --START--
INFO: Run Behavior\WriteHtmlCacheBehavior [ RunTime:0.002000s ]
INFO: [ view_filter ] --END-- [ RunTime:0.004000s ]
INFO: [ app_end ] --START--
INFO: Run Behavior\ShowPageTraceBehavior [ RunTime:0.003000s ]
INFO: [ app_end ] --END-- [ RunTime:0.004000s ]

[ 2014-09-02T21:32:36+08:00 ] ::1 /tcs/Home/Innerf/node_edit?_dc=1409664749756&pnid=861311002450046&pnmode=2&pnname=%E6%B5%8B%E8%AF%95&pmix_scale=12&pmix_level=10
INFO: [ app_init ] --START--
INFO: Run Behavior\BuildLiteBehavior [ RunTime:0.000000s ]
INFO: [ app_init ] --END-- [ RunTime:0.004000s ]
INFO: [ app_begin ] --START--
INFO: Run Behavior\ReadHtmlCacheBehavior [ RunTime:0.002000s ]
INFO: [ app_begin ] --END-- [ RunTime:0.003000s ]
NOTIC: [8] A session had already been started - ignoring session_start() D:\Xampp\htdocs\tcs\tp\Common\functions.php 第 1191 行.
SQL: SHOW COLUMNS FROM `t_node` [ RunTime:0.006000s ]
SQL: UPDATE `t_node` SET `nname`='测试' WHERE `nid` = '861311002450046' [ RunTime:0.036002s ]
SQL: SHOW COLUMNS FROM `t_node_op` [ RunTime:0.006000s ]
SQL: INSERT INTO `t_node_op` (`nid`,`otype`,`otime`,`mix_scale`,`mix_level`,`mix_freq`,`onh3`,`oh2s`,`oresult`) VALUES ('861311002450046','2','2014-09-02 21:32:30',12,10,0,0,0,0) [ RunTime:0.022001s ]
INFO: [ view_parse ] --START--
INFO: Run Behavior\ParseTemplateBehavior [ RunTime:0.003000s ]
INFO: [ view_parse ] --END-- [ RunTime:0.005000s ]
INFO: [ view_filter ] --START--
INFO: Run Behavior\WriteHtmlCacheBehavior [ RunTime:0.002000s ]
INFO: [ view_filter ] --END-- [ RunTime:0.003000s ]
INFO: [ app_end ] --START--
INFO: Run Behavior\ShowPageTraceBehavior [ RunTime:0.002000s ]
INFO: [ app_end ] --END-- [ RunTime:0.003000s ]

[ 2014-09-02T21:33:03+08:00 ] ::1 /tcs/Home/Innerf/node_edit?_dc=1409664777685&pnid=861311002450046&pnmode=2&pnname=%E6%B5%8B%E8%AF%95&pmix_scale=12&pmix_level=10
INFO: [ app_init ] --START--
INFO: Run Behavior\BuildLiteBehavior [ RunTime:0.000000s ]
INFO: [ app_init ] --END-- [ RunTime:0.003000s ]
INFO: [ app_begin ] --START--
INFO: Run Behavior\ReadHtmlCacheBehavior [ RunTime:0.004000s ]
INFO: [ app_begin ] --END-- [ RunTime:0.005000s ]
NOTIC: [8] A session had already been started - ignoring session_start() D:\Xampp\htdocs\tcs\tp\Common\functions.php 第 1191 行.
SQL: SHOW COLUMNS FROM `t_node` [ RunTime:0.006000s ]
SQL: UPDATE `t_node` SET `nname`='测试' WHERE `nid` = '861311002450046' [ RunTime:0.041003s ]
SQL: SHOW COLUMNS FROM `t_node_op` [ RunTime:0.007000s ]
SQL: INSERT INTO `t_node_op` (`nid`,`otype`,`otime`,`mix_scale`,`mix_level`,`mix_freq`,`onh3`,`oh2s`,`oresult`) VALUES ('861311002450046','2','2014-09-02 21:32:58',12,10,0,0,0,0) [ RunTime:0.041002s ]
INFO: [ view_parse ] --START--
INFO: Run Behavior\ParseTemplateBehavior [ RunTime:0.004000s ]
INFO: [ view_parse ] --END-- [ RunTime:0.005000s ]
INFO: [ view_filter ] --START--
INFO: Run Behavior\WriteHtmlCacheBehavior [ RunTime:0.002000s ]
INFO: [ view_filter ] --END-- [ RunTime:0.004001s ]
INFO: [ app_end ] --START--
INFO: Run Behavior\ShowPageTraceBehavior [ RunTime:0.002000s ]
INFO: [ app_end ] --END-- [ RunTime:0.004000s ]

[ 2014-09-02T21:34:09+08:00 ] ::1 /tcs/Home/Innerf/node_edit?_dc=1409664842856&pnid=861311002450046&pnmode=2&pnname=%E6%B5%8B%E8%AF%95&pmix_scale=12&pmix_level=10
INFO: [ app_init ] --START--
INFO: Run Behavior\BuildLiteBehavior [ RunTime:0.000000s ]
INFO: [ app_init ] --END-- [ RunTime:0.004000s ]
INFO: [ app_begin ] --START--
INFO: Run Behavior\ReadHtmlCacheBehavior [ RunTime:0.003000s ]
INFO: [ app_begin ] --END-- [ RunTime:0.006000s ]
NOTIC: [8] A session had already been started - ignoring session_start() D:\Xampp\htdocs\tcs\tp\Common\functions.php 第 1191 行.
SQL: SHOW COLUMNS FROM `t_node` [ RunTime:0.007000s ]
SQL: UPDATE `t_node` SET `nname`='测试' WHERE `nid` = '861311002450046' [ RunTime:0.048003s ]
SQL: SHOW COLUMNS FROM `t_node_op` [ RunTime:0.008000s ]
SQL: INSERT INTO `t_node_op` (`nid`,`otype`,`otime`,`mix_scale`,`mix_level`,`mix_freq`,`onh3`,`oh2s`,`oresult`) VALUES ('861311002450046','2','2014-09-02 21:34:04',12,10,0,0,0,0) [ RunTime:0.105006s ]
INFO: [ view_parse ] --START--
INFO: Run Behavior\ParseTemplateBehavior [ RunTime:0.005000s ]
INFO: [ view_parse ] --END-- [ RunTime:0.006000s ]
INFO: [ view_filter ] --START--
INFO: Run Behavior\WriteHtmlCacheBehavior [ RunTime:0.002000s ]
INFO: [ view_filter ] --END-- [ RunTime:0.003000s ]
INFO: [ app_end ] --START--
INFO: Run Behavior\ShowPageTraceBehavior [ RunTime:0.002000s ]
INFO: [ app_end ] --END-- [ RunTime:0.003001s ]

[ 2014-09-02T21:34:37+08:00 ] ::1 /tcs/Home/Innerf/node_edit?_dc=1409664870963&pnid=861311002450046&pnmode=2&pnname=%E6%B5%8B%E8%AF%95&pmix_scale=12&pmix_level=10
INFO: [ app_init ] --START--
INFO: Run Behavior\BuildLiteBehavior [ RunTime:0.001000s ]
INFO: [ app_init ] --END-- [ RunTime:0.003000s ]
INFO: [ app_begin ] --START--
INFO: Run Behavior\ReadHtmlCacheBehavior [ RunTime:0.001000s ]
INFO: [ app_begin ] --END-- [ RunTime:0.003000s ]
NOTIC: [8] A session had already been started - ignoring session_start() D:\Xampp\htdocs\tcs\tp\Common\functions.php 第 1191 行.
SQL: SHOW COLUMNS FROM `t_node` [ RunTime:0.006000s ]
SQL: UPDATE `t_node` SET `nname`='测试' WHERE `nid` = '861311002450046' [ RunTime:0.049003s ]
SQL: SHOW COLUMNS FROM `t_node_op` [ RunTime:0.006000s ]
SQL: INSERT INTO `t_node_op` (`nid`,`otype`,`otime`,`mix_scale`,`mix_level`,`mix_freq`,`onh3`,`oh2s`,`oresult`) VALUES ('861311002450046','2','2014-09-02 21:34:32',12,10,0,0,0,0) [ RunTime:0.032002s ]
INFO: [ view_parse ] --START--
INFO: Run Behavior\ParseTemplateBehavior [ RunTime:0.004000s ]
INFO: [ view_parse ] --END-- [ RunTime:0.005000s ]
INFO: [ view_filter ] --START--
INFO: Run Behavior\WriteHtmlCacheBehavior [ RunTime:0.001000s ]
INFO: [ view_filter ] --END-- [ RunTime:0.003000s ]
INFO: [ app_end ] --START--
INFO: Run Behavior\ShowPageTraceBehavior [ RunTime:0.002000s ]
INFO: [ app_end ] --END-- [ RunTime:0.003000s ]

[ 2014-09-02T21:35:02+08:00 ] ::1 /tcs/Home/Innerf/node_edit?_dc=1409664896285&pnid=861311002450046&pnmode=2&pnname=%E6%B5%8B%E8%AF%95&pmix_scale=12&pmix_level=10
INFO: [ app_init ] --START--
INFO: Run Behavior\BuildLiteBehavior [ RunTime:0.000000s ]
INFO: [ app_init ] --END-- [ RunTime:0.003000s ]
INFO: [ app_begin ] --START--
INFO: Run Behavior\ReadHtmlCacheBehavior [ RunTime:0.002000s ]
INFO: [ app_begin ] --END-- [ RunTime:0.004000s ]
NOTIC: [8] A session had already been started - ignoring session_start() D:\Xampp\htdocs\tcs\tp\Common\functions.php 第 1191 行.
SQL: SHOW COLUMNS FROM `t_node` [ RunTime:0.006001s ]
SQL: UPDATE `t_node` SET `nname`='测试' WHERE `nid` = '861311002450046' [ RunTime:0.075005s ]
SQL: SHOW COLUMNS FROM `t_node_op` [ RunTime:0.006000s ]
SQL: INSERT INTO `t_node_op` (`nid`,`otype`,`otime`,`mix_scale`,`mix_level`,`mix_freq`,`onh3`,`oh2s`,`oresult`) VALUES ('861311002450046','2','2014-09-02 21:34:57',12,10,0,0,0,0) [ RunTime:0.033002s ]
SQL: UPDATE `t_node` SET `nname`='测试',`nmode`='1',`auto_mix_level`=10,`auto_mix_scale`=12 WHERE `nid` = '861311002450046' [ RunTime:0.025001s ]
SQL: UPDATE `t_node_op` SET `nid`='861311002450046',`otype`='2',`otime`='2014-09-02 21:34:57',`mix_scale`=12,`mix_level`=10,`mix_freq`=0,`onh3`=0,`oh2s`=0,`oresult`=1 WHERE `oid` = 54 [ RunTime:0.020001s ]
INFO: [ view_parse ] --START--
INFO: [ template_filter ] --START--
INFO: Run Behavior\ContentReplaceBehavior [ RunTime:0.001000s ]
INFO: [ template_filter ] --END-- [ RunTime:0.003000s ]
INFO: Run Behavior\ParseTemplateBehavior [ RunTime:0.058003s ]
INFO: [ view_parse ] --END-- [ RunTime:0.059003s ]
INFO: [ view_filter ] --START--
INFO: Run Behavior\WriteHtmlCacheBehavior [ RunTime:0.001000s ]
INFO: [ view_filter ] --END-- [ RunTime:0.003001s ]
INFO: [ app_end ] --START--
INFO: Run Behavior\ShowPageTraceBehavior [ RunTime:0.002000s ]
INFO: [ app_end ] --END-- [ RunTime:0.003000s ]

[ 2014-09-02T21:35:28+08:00 ] ::1 /tcs/Home/Innerf/node_edit?_dc=1409664922020&pnid=861311002450046&pnmode=2&pnname=%E6%B5%8B%E8%AF%95&pmix_scale=12&pmix_level=10
INFO: [ app_init ] --START--
INFO: Run Behavior\BuildLiteBehavior [ RunTime:0.000000s ]
INFO: [ app_init ] --END-- [ RunTime:0.003000s ]
INFO: [ app_begin ] --START--
INFO: Run Behavior\ReadHtmlCacheBehavior [ RunTime:0.002000s ]
INFO: [ app_begin ] --END-- [ RunTime:0.003000s ]
NOTIC: [8] A session had already been started - ignoring session_start() D:\Xampp\htdocs\tcs\tp\Common\functions.php 第 1191 行.
SQL: SHOW COLUMNS FROM `t_node` [ RunTime:0.007000s ]
SQL: UPDATE `t_node` SET `nname`='测试' WHERE `nid` = '861311002450046' [ RunTime:0.076004s ]
SQL: SHOW COLUMNS FROM `t_node_op` [ RunTime:0.006000s ]
SQL: INSERT INTO `t_node_op` (`nid`,`otype`,`otime`,`mix_scale`,`mix_level`,`mix_freq`,`onh3`,`oh2s`,`oresult`) VALUES ('861311002450046','2','2014-09-02 21:35:23',12,10,0,0,0,0) [ RunTime:0.032002s ]
INFO: [ view_parse ] --START--
INFO: Run Behavior\ParseTemplateBehavior [ RunTime:0.003000s ]
INFO: [ view_parse ] --END-- [ RunTime:0.005000s ]
INFO: [ view_filter ] --START--
INFO: Run Behavior\WriteHtmlCacheBehavior [ RunTime:0.002000s ]
INFO: [ view_filter ] --END-- [ RunTime:0.003000s ]
INFO: [ app_end ] --START--
INFO: Run Behavior\ShowPageTraceBehavior [ RunTime:0.002000s ]
INFO: [ app_end ] --END-- [ RunTime:0.003000s ]

[ 2014-09-02T21:35:45+08:00 ] ::1 /tcs/Home/Innerf/node_edit?_dc=1409664939595&pnid=861311002450046&pnmode=2&pnname=%E6%B5%8B%E8%AF%95&pmix_scale=12&pmix_level=10
INFO: [ app_init ] --START--
INFO: Run Behavior\BuildLiteBehavior [ RunTime:0.001000s ]
INFO: [ app_init ] --END-- [ RunTime:0.003000s ]
INFO: [ app_begin ] --START--
INFO: Run Behavior\ReadHtmlCacheBehavior [ RunTime:0.001000s ]
INFO: [ app_begin ] --END-- [ RunTime:0.003000s ]
NOTIC: [8] A session had already been started - ignoring session_start() D:\Xampp\htdocs\tcs\tp\Common\functions.php 第 1191 行.
SQL: SHOW COLUMNS FROM `t_node` [ RunTime:0.006000s ]
SQL: UPDATE `t_node` SET `nname`='测试' WHERE `nid` = '861311002450046' [ RunTime:0.034002s ]
SQL: SHOW COLUMNS FROM `t_node_op` [ RunTime:0.006000s ]
SQL: INSERT INTO `t_node_op` (`nid`,`otype`,`otime`,`mix_scale`,`mix_level`,`mix_freq`,`onh3`,`oh2s`,`oresult`) VALUES ('861311002450046','2','2014-09-02 21:35:40',12,10,0,0,0,0) [ RunTime:0.033002s ]
INFO: [ view_parse ] --START--
INFO: Run Behavior\ParseTemplateBehavior [ RunTime:0.004000s ]
INFO: [ view_parse ] --END-- [ RunTime:0.005001s ]
INFO: [ view_filter ] --START--
INFO: Run Behavior\WriteHtmlCacheBehavior [ RunTime:0.001000s ]
INFO: [ view_filter ] --END-- [ RunTime:0.003000s ]
INFO: [ app_end ] --START--
INFO: Run Behavior\ShowPageTraceBehavior [ RunTime:0.002000s ]
INFO: [ app_end ] --END-- [ RunTime:0.003000s ]

[ 2014-09-02T21:35:59+08:00 ] ::1 /tcs/Home/Innerf/node_edit?_dc=1409664953529&pnid=861311002450046&pnmode=2&pnname=%E6%B5%8B%E8%AF%95&pmix_scale=12&pmix_level=10
INFO: [ app_init ] --START--
INFO: Run Behavior\BuildLiteBehavior [ RunTime:0.001000s ]
INFO: [ app_init ] --END-- [ RunTime:0.003000s ]
INFO: [ app_begin ] --START--
INFO: Run Behavior\ReadHtmlCacheBehavior [ RunTime:0.002000s ]
INFO: [ app_begin ] --END-- [ RunTime:0.003000s ]
NOTIC: [8] A session had already been started - ignoring session_start() D:\Xampp\htdocs\tcs\tp\Common\functions.php 第 1191 行.
SQL: SHOW COLUMNS FROM `t_node` [ RunTime:0.006000s ]
SQL: UPDATE `t_node` SET `nname`='测试' WHERE `nid` = '861311002450046' [ RunTime:0.039002s ]
SQL: SHOW COLUMNS FROM `t_node_op` [ RunTime:0.006001s ]
SQL: INSERT INTO `t_node_op` (`nid`,`otype`,`otime`,`mix_scale`,`mix_level`,`mix_freq`,`onh3`,`oh2s`,`oresult`) VALUES ('861311002450046','2','2014-09-02 21:35:54',12,10,0,0,0,0) [ RunTime:0.029002s ]
INFO: [ view_parse ] --START--
INFO: Run Behavior\ParseTemplateBehavior [ RunTime:0.003000s ]
INFO: [ view_parse ] --END-- [ RunTime:0.005000s ]
INFO: [ view_filter ] --START--
INFO: Run Behavior\WriteHtmlCacheBehavior [ RunTime:0.001000s ]
INFO: [ view_filter ] --END-- [ RunTime:0.003000s ]
INFO: [ app_end ] --START--
INFO: Run Behavior\ShowPageTraceBehavior [ RunTime:0.002001s ]
INFO: [ app_end ] --END-- [ RunTime:0.004001s ]

[ 2014-09-02T21:36:43+08:00 ] ::1 /tcs/Home/Innerf/node_edit?_dc=1409664997757&pnid=861311002450046&pnmode=2&pnname=%E6%B5%8B%E8%AF%95&pmix_scale=12&pmix_level=10
INFO: [ app_init ] --START--
INFO: Run Behavior\BuildLiteBehavior [ RunTime:0.000000s ]
INFO: [ app_init ] --END-- [ RunTime:0.003001s ]
INFO: [ app_begin ] --START--
INFO: Run Behavior\ReadHtmlCacheBehavior [ RunTime:0.004001s ]
INFO: [ app_begin ] --END-- [ RunTime:0.006001s ]
NOTIC: [8] A session had already been started - ignoring session_start() D:\Xampp\htdocs\tcs\tp\Common\functions.php 第 1191 行.
SQL: SHOW COLUMNS FROM `t_node` [ RunTime:0.007001s ]
SQL: UPDATE `t_node` SET `nname`='测试' WHERE `nid` = '861311002450046' [ RunTime:0.036002s ]
SQL: SHOW COLUMNS FROM `t_node_op` [ RunTime:0.006001s ]
SQL: INSERT INTO `t_node_op` (`nid`,`otype`,`otime`,`mix_scale`,`mix_level`,`mix_freq`,`onh3`,`oh2s`,`oresult`) VALUES ('861311002450046','2','2014-09-02 21:36:38',12,10,0,0,0,0) [ RunTime:0.054004s ]
SQL: UPDATE `t_node` SET `nname`='测试',`nmode`='1',`auto_mix_level`=10,`auto_mix_scale`=12 WHERE `nid` = '861311002450046' [ RunTime:0.039002s ]
SQL: UPDATE `t_node_op` SET `nid`='861311002450046',`otype`='2',`otime`='2014-09-02 21:36:38',`mix_scale`=12,`mix_level`=10,`mix_freq`=0,`onh3`=0,`oh2s`=0,`oresult`=1 WHERE `oid` = 58 [ RunTime:0.030002s ]
INFO: [ view_parse ] --START--
INFO: Run Behavior\ParseTemplateBehavior [ RunTime:0.003000s ]
INFO: [ view_parse ] --END-- [ RunTime:0.005000s ]
INFO: [ view_filter ] --START--
INFO: Run Behavior\WriteHtmlCacheBehavior [ RunTime:0.001000s ]
INFO: [ view_filter ] --END-- [ RunTime:0.003000s ]
INFO: [ app_end ] --START--
INFO: Run Behavior\ShowPageTraceBehavior [ RunTime:0.002000s ]
INFO: [ app_end ] --END-- [ RunTime:0.004001s ]

[ 2014-09-02T21:42:40+08:00 ] ::1 /tcs/Home/Innerf/node_edit?_dc=1409665357176&pnid=861311002450046&pnmode=2&pnname=%E6%B5%8B%E8%AF%95&pmix_scale=12&pmix_level=10
INFO: [ app_init ] --START--
INFO: Run Behavior\BuildLiteBehavior [ RunTime:0.000000s ]
INFO: [ app_init ] --END-- [ RunTime:0.003000s ]
INFO: [ app_begin ] --START--
INFO: Run Behavior\ReadHtmlCacheBehavior [ RunTime:0.003000s ]
INFO: [ app_begin ] --END-- [ RunTime:0.005000s ]
NOTIC: [8] A session had already been started - ignoring session_start() D:\Xampp\htdocs\tcs\tp\Common\functions.php 第 1191 行.
SQL: SHOW COLUMNS FROM `t_node` [ RunTime:0.007001s ]
SQL: UPDATE `t_node` SET `nname`='测试' WHERE `nid` = '861311002450046' [ RunTime:0.045003s ]
SQL: SHOW COLUMNS FROM `t_node_op` [ RunTime:0.006000s ]
SQL: INSERT INTO `t_node_op` (`nid`,`otype`,`otime`,`mix_scale`,`mix_level`,`mix_freq`,`onh3`,`oh2s`,`oresult`) VALUES ('861311002450046','2','2014-09-02 21:42:38',12,10,0,0,0,0) [ RunTime:0.096006s ]
SQL: UPDATE `t_node` SET `nname`='测试',`nmode`='1',`auto_mix_level`=10,`auto_mix_scale`=12 WHERE `nid` = '861311002450046' [ RunTime:0.037002s ]
SQL: UPDATE `t_node_op` SET `nid`='861311002450046',`otype`='2',`otime`='2014-09-02 21:42:38',`mix_scale`=12,`mix_level`=10,`mix_freq`=0,`onh3`=0,`oh2s`=0,`oresult`=1 WHERE `oid` = 59 [ RunTime:0.029002s ]
INFO: [ view_parse ] --START--
INFO: Run Behavior\ParseTemplateBehavior [ RunTime:0.004000s ]
INFO: [ view_parse ] --END-- [ RunTime:0.006000s ]
INFO: [ view_filter ] --START--
INFO: Run Behavior\WriteHtmlCacheBehavior [ RunTime:0.003000s ]
INFO: [ view_filter ] --END-- [ RunTime:0.005000s ]
INFO: [ app_end ] --START--
INFO: Run Behavior\ShowPageTraceBehavior [ RunTime:0.002000s ]
INFO: [ app_end ] --END-- [ RunTime:0.004000s ]

[ 2014-09-02T21:42:58+08:00 ] ::1 /tcs/Home/Innerf/node_edit?_dc=1409665372224&pnid=861311002450046&pnmode=2&pnname=%E6%B5%8B%E8%AF%95&pmix_scale=12&pmix_level=10
INFO: [ app_init ] --START--
INFO: Run Behavior\BuildLiteBehavior [ RunTime:0.000000s ]
INFO: [ app_init ] --END-- [ RunTime:0.003000s ]
INFO: [ app_begin ] --START--
INFO: Run Behavior\ReadHtmlCacheBehavior [ RunTime:0.002000s ]
INFO: [ app_begin ] --END-- [ RunTime:0.003000s ]
NOTIC: [8] A session had already been started - ignoring session_start() D:\Xampp\htdocs\tcs\tp\Common\functions.php 第 1191 行.
SQL: SHOW COLUMNS FROM `t_node` [ RunTime:0.006000s ]
SQL: UPDATE `t_node` SET `nname`='测试' WHERE `nid` = '861311002450046' [ RunTime:0.119007s ]
SQL: SHOW COLUMNS FROM `t_node_op` [ RunTime:0.007000s ]
SQL: INSERT INTO `t_node_op` (`nid`,`otype`,`otime`,`mix_scale`,`mix_level`,`mix_freq`,`onh3`,`oh2s`,`oresult`) VALUES ('861311002450046','2','2014-09-02 21:42:53',12,10,0,0,0,0) [ RunTime:0.068004s ]
INFO: [ view_parse ] --START--
INFO: Run Behavior\ParseTemplateBehavior [ RunTime:0.004000s ]
INFO: [ view_parse ] --END-- [ RunTime:0.006000s ]
INFO: [ view_filter ] --START--
INFO: Run Behavior\WriteHtmlCacheBehavior [ RunTime:0.001000s ]
INFO: [ view_filter ] --END-- [ RunTime:0.045003s ]
INFO: [ app_end ] --START--
INFO: Run Behavior\ShowPageTraceBehavior [ RunTime:0.003000s ]
INFO: [ app_end ] --END-- [ RunTime:0.005000s ]

[ 2014-09-02T21:43:20+08:00 ] ::1 /tcs/Home/Innerf/node_edit?_dc=1409665394451&pnid=861311002450046&pnmode=2&pnname=%E6%B5%8B%E8%AF%95&pmix_scale=12&pmix_level=10
INFO: [ app_init ] --START--
INFO: Run Behavior\BuildLiteBehavior [ RunTime:0.000000s ]
INFO: [ app_init ] --END-- [ RunTime:0.003000s ]
INFO: [ app_begin ] --START--
INFO: Run Behavior\ReadHtmlCacheBehavior [ RunTime:0.002000s ]
INFO: [ app_begin ] --END-- [ RunTime:0.003000s ]
NOTIC: [8] A session had already been started - ignoring session_start() D:\Xampp\htdocs\tcs\tp\Common\functions.php 第 1191 行.
SQL: SHOW COLUMNS FROM `t_node` [ RunTime:0.008000s ]
SQL: UPDATE `t_node` SET `nname`='测试' WHERE `nid` = '861311002450046' [ RunTime:0.077004s ]
SQL: SHOW COLUMNS FROM `t_node_op` [ RunTime:0.007001s ]
SQL: INSERT INTO `t_node_op` (`nid`,`otype`,`otime`,`mix_scale`,`mix_level`,`mix_freq`,`onh3`,`oh2s`,`oresult`) VALUES ('861311002450046','2','2014-09-02 21:43:15',12,10,0,0,0,0) [ RunTime:0.032001s ]
INFO: [ view_parse ] --START--
INFO: Run Behavior\ParseTemplateBehavior [ RunTime:0.004000s ]
INFO: [ view_parse ] --END-- [ RunTime:0.005000s ]
INFO: [ view_filter ] --START--
INFO: Run Behavior\WriteHtmlCacheBehavior [ RunTime:0.002000s ]
INFO: [ view_filter ] --END-- [ RunTime:0.003000s ]
INFO: [ app_end ] --START--
INFO: Run Behavior\ShowPageTraceBehavior [ RunTime:0.001000s ]
INFO: [ app_end ] --END-- [ RunTime:0.003000s ]

[ 2014-09-02T21:43:49+08:00 ] ::1 /tcs/Home/Innerf/node_edit?_dc=1409665423111&pnid=861311002450046&pnmode=2&pnname=%E6%B5%8B%E8%AF%95&pmix_scale=12&pmix_level=10
INFO: [ app_init ] --START--
INFO: Run Behavior\BuildLiteBehavior [ RunTime:0.000000s ]
INFO: [ app_init ] --END-- [ RunTime:0.003000s ]
INFO: [ app_begin ] --START--
INFO: Run Behavior\ReadHtmlCacheBehavior [ RunTime:0.003000s ]
INFO: [ app_begin ] --END-- [ RunTime:0.003000s ]
NOTIC: [8] A session had already been started - ignoring session_start() D:\Xampp\htdocs\tcs\tp\Common\functions.php 第 1191 行.
SQL: SHOW COLUMNS FROM `t_node` [ RunTime:0.007001s ]
SQL: UPDATE `t_node` SET `nname`='测试' WHERE `nid` = '861311002450046' [ RunTime:0.141008s ]
SQL: SHOW COLUMNS FROM `t_node_op` [ RunTime:0.007000s ]
SQL: INSERT INTO `t_node_op` (`nid`,`otype`,`otime`,`mix_scale`,`mix_level`,`mix_freq`,`onh3`,`oh2s`,`oresult`) VALUES ('861311002450046','2','2014-09-02 21:43:44',12,10,0,0,0,0) [ RunTime:0.032002s ]
INFO: [ view_parse ] --START--
INFO: Run Behavior\ParseTemplateBehavior [ RunTime:0.003001s ]
INFO: [ view_parse ] --END-- [ RunTime:0.005001s ]
INFO: [ view_filter ] --START--
INFO: Run Behavior\WriteHtmlCacheBehavior [ RunTime:0.001000s ]
INFO: [ view_filter ] --END-- [ RunTime:0.003000s ]
INFO: [ app_end ] --START--
INFO: Run Behavior\ShowPageTraceBehavior [ RunTime:0.002000s ]
INFO: [ app_end ] --END-- [ RunTime:0.003000s ]

[ 2014-09-02T21:44:05+08:00 ] ::1 /tcs/Home/Innerf/node_edit?_dc=1409665439065&pnid=861311002450046&pnmode=2&pnname=%E6%B5%8B%E8%AF%95&pmix_scale=12&pmix_level=10
INFO: [ app_init ] --START--
INFO: Run Behavior\BuildLiteBehavior [ RunTime:0.001000s ]
INFO: [ app_init ] --END-- [ RunTime:0.003000s ]
INFO: [ app_begin ] --START--
INFO: Run Behavior\ReadHtmlCacheBehavior [ RunTime:0.002000s ]
INFO: [ app_begin ] --END-- [ RunTime:0.003000s ]
NOTIC: [8] A session had already been started - ignoring session_start() D:\Xampp\htdocs\tcs\tp\Common\functions.php 第 1191 行.
SQL: SHOW COLUMNS FROM `t_node` [ RunTime:0.006001s ]
SQL: UPDATE `t_node` SET `nname`='测试' WHERE `nid` = '861311002450046' [ RunTime:0.107006s ]
SQL: SHOW COLUMNS FROM `t_node_op` [ RunTime:0.005001s ]
SQL: INSERT INTO `t_node_op` (`nid`,`otype`,`otime`,`mix_scale`,`mix_level`,`mix_freq`,`onh3`,`oh2s`,`oresult`) VALUES ('861311002450046','2','2014-09-02 21:44:00',12,10,0,0,0,0) [ RunTime:0.146009s ]
INFO: [ view_parse ] --START--
INFO: Run Behavior\ParseTemplateBehavior [ RunTime:0.004000s ]
INFO: [ view_parse ] --END-- [ RunTime:0.006000s ]
INFO: [ view_filter ] --START--
INFO: Run Behavior\WriteHtmlCacheBehavior [ RunTime:0.002000s ]
INFO: [ view_filter ] --END-- [ RunTime:0.003000s ]
INFO: [ app_end ] --START--
INFO: Run Behavior\ShowPageTraceBehavior [ RunTime:0.002001s ]
INFO: [ app_end ] --END-- [ RunTime:0.004001s ]

[ 2014-09-02T21:44:17+08:00 ] ::1 /tcs/Home/Innerf/node_edit?_dc=1409665451087&pnid=861311002450046&pnmode=2&pnname=%E6%B5%8B%E8%AF%95&pmix_scale=12&pmix_level=10
INFO: [ app_init ] --START--
INFO: Run Behavior\BuildLiteBehavior [ RunTime:0.001000s ]
INFO: [ app_init ] --END-- [ RunTime:0.003000s ]
INFO: [ app_begin ] --START--
INFO: Run Behavior\ReadHtmlCacheBehavior [ RunTime:0.002000s ]
INFO: [ app_begin ] --END-- [ RunTime:0.004000s ]
NOTIC: [8] A session had already been started - ignoring session_start() D:\Xampp\htdocs\tcs\tp\Common\functions.php 第 1191 行.
SQL: SHOW COLUMNS FROM `t_node` [ RunTime:0.006000s ]
SQL: UPDATE `t_node` SET `nname`='测试' WHERE `nid` = '861311002450046' [ RunTime:0.132007s ]
SQL: SHOW COLUMNS FROM `t_node_op` [ RunTime:0.006001s ]
SQL: INSERT INTO `t_node_op` (`nid`,`otype`,`otime`,`mix_scale`,`mix_level`,`mix_freq`,`onh3`,`oh2s`,`oresult`) VALUES ('861311002450046','2','2014-09-02 21:44:12',12,10,0,0,0,0) [ RunTime:0.033001s ]
INFO: [ view_parse ] --START--
INFO: Run Behavior\ParseTemplateBehavior [ RunTime:0.004001s ]
INFO: [ view_parse ] --END-- [ RunTime:0.005001s ]
INFO: [ view_filter ] --START--
INFO: Run Behavior\WriteHtmlCacheBehavior [ RunTime:0.001000s ]
INFO: [ view_filter ] --END-- [ RunTime:0.003000s ]
INFO: [ app_end ] --START--
INFO: Run Behavior\ShowPageTraceBehavior [ RunTime:0.002000s ]
INFO: [ app_end ] --END-- [ RunTime:0.004000s ]

[ 2014-09-02T21:46:06+08:00 ] ::1 /tcs/Home/Innerf/node_info_single
INFO: [ app_init ] --START--
INFO: Run Behavior\BuildLiteBehavior [ RunTime:0.000000s ]
INFO: [ app_init ] --END-- [ RunTime:0.003000s ]
INFO: [ app_begin ] --START--
INFO: Run Behavior\ReadHtmlCacheBehavior [ RunTime:0.002000s ]
INFO: [ app_begin ] --END-- [ RunTime:0.004000s ]
NOTIC: [8] A session had already been started - ignoring session_start() D:\Xampp\htdocs\tcs\tp\Common\functions.php 第 1191 行.
SQL: SHOW COLUMNS FROM `t_node_view` [ RunTime:0.006001s ]
SQL: SELECT * FROM `t_node_view` WHERE `baidu_id` = '457211780' LIMIT 1   [ RunTime:0.002000s ]
INFO: [ view_parse ] --START--
INFO: Run Behavior\ParseTemplateBehavior [ RunTime:0.004001s ]
INFO: [ view_parse ] --END-- [ RunTime:0.005001s ]
INFO: [ view_filter ] --START--
INFO: Run Behavior\WriteHtmlCacheBehavior [ RunTime:0.002000s ]
INFO: [ view_filter ] --END-- [ RunTime:0.003000s ]
INFO: [ app_end ] --START--
INFO: Run Behavior\ShowPageTraceBehavior [ RunTime:0.002000s ]
INFO: [ app_end ] --END-- [ RunTime:0.004000s ]

[ 2014-09-02T21:46:12+08:00 ] ::1 /tcs/Home/Innerf/node_edit?_dc=1409665571472&pnid=123456789012345&pnmode=2&pnname=%E6%B5%8B%E8%AF%95%E8%8A%82%E7%82%B9&pmix_scale=12&pmix_level=0
INFO: [ app_init ] --START--
INFO: Run Behavior\BuildLiteBehavior [ RunTime:0.001000s ]
INFO: [ app_init ] --END-- [ RunTime:0.003000s ]
INFO: [ app_begin ] --START--
INFO: Run Behavior\ReadHtmlCacheBehavior [ RunTime:0.002000s ]
INFO: [ app_begin ] --END-- [ RunTime:0.003000s ]
NOTIC: [8] A session had already been started - ignoring session_start() D:\Xampp\htdocs\tcs\tp\Common\functions.php 第 1191 行.
SQL: SHOW COLUMNS FROM `t_node` [ RunTime:0.007001s ]
SQL: UPDATE `t_node` SET `nname`='测试节点' WHERE `nid` = '123456789012345' [ RunTime:0.077005s ]
SQL: SHOW COLUMNS FROM `t_node_op` [ RunTime:0.008000s ]
SQL: INSERT INTO `t_node_op` (`nid`,`otype`,`otime`,`mix_scale`,`mix_level`,`mix_freq`,`onh3`,`oh2s`,`oresult`) VALUES ('123456789012345','2','2014-09-02 21:46:12',12,0,0,0,0,0) [ RunTime:0.040002s ]
SQL: UPDATE `t_node` SET `nname`='测试节点',`nmode`='1',`auto_mix_level`=0,`auto_mix_scale`=12 WHERE `nid` = '123456789012345' [ RunTime:0.020001s ]
SQL: UPDATE `t_node_op` SET `nid`='123456789012345',`otype`='2',`otime`='2014-09-02 21:46:12',`mix_scale`=12,`mix_level`=0,`mix_freq`=0,`onh3`=0,`oh2s`=0,`oresult`=1 WHERE `oid` = 65 [ RunTime:0.020002s ]
INFO: [ view_parse ] --START--
INFO: Run Behavior\ParseTemplateBehavior [ RunTime:0.010000s ]
INFO: [ view_parse ] --END-- [ RunTime:0.010000s ]
INFO: [ view_filter ] --START--
INFO: Run Behavior\WriteHtmlCacheBehavior [ RunTime:0.001000s ]
INFO: [ view_filter ] --END-- [ RunTime:0.003001s ]
INFO: [ app_end ] --START--
INFO: Run Behavior\ShowPageTraceBehavior [ RunTime:0.002000s ]
INFO: [ app_end ] --END-- [ RunTime:0.004000s ]

[ 2014-09-02T21:46:17+08:00 ] ::1 /tcs/Home/Innerf/node_edit?_dc=1409665575827&pnid=123456789012345&pnmode=2&pnname=%E6%B5%8B%E8%AF%95%E8%8A%82%E7%82%B9&pmix_scale=12&pmix_level=0
INFO: [ app_init ] --START--
INFO: Run Behavior\BuildLiteBehavior [ RunTime:0.000000s ]
INFO: [ app_init ] --END-- [ RunTime:0.003000s ]
INFO: [ app_begin ] --START--
INFO: Run Behavior\ReadHtmlCacheBehavior [ RunTime:0.002000s ]
INFO: [ app_begin ] --END-- [ RunTime:0.003000s ]
NOTIC: [8] A session had already been started - ignoring session_start() D:\Xampp\htdocs\tcs\tp\Common\functions.php 第 1191 行.
SQL: SHOW COLUMNS FROM `t_node` [ RunTime:0.006000s ]
SQL: UPDATE `t_node` SET `nname`='测试节点' WHERE `nid` = '123456789012345' [ RunTime:0.045002s ]
SQL: SHOW COLUMNS FROM `t_node_op` [ RunTime:0.006001s ]
SQL: INSERT INTO `t_node_op` (`nid`,`otype`,`otime`,`mix_scale`,`mix_level`,`mix_freq`,`onh3`,`oh2s`,`oresult`) VALUES ('123456789012345','2','2014-09-02 21:46:17',12,0,0,0,0,0) [ RunTime:0.075004s ]
SQL: UPDATE `t_node` SET `nname`='测试节点',`nmode`='1',`auto_mix_level`=0,`auto_mix_scale`=12 WHERE `nid` = '123456789012345' [ RunTime:0.025002s ]
SQL: UPDATE `t_node_op` SET `nid`='123456789012345',`otype`='2',`otime`='2014-09-02 21:46:17',`mix_scale`=12,`mix_level`=0,`mix_freq`=0,`onh3`=0,`oh2s`=0,`oresult`=1 WHERE `oid` = 66 [ RunTime:0.019001s ]
INFO: [ view_parse ] --START--
INFO: Run Behavior\ParseTemplateBehavior [ RunTime:0.004000s ]
INFO: [ view_parse ] --END-- [ RunTime:0.005000s ]
INFO: [ view_filter ] --START--
INFO: Run Behavior\WriteHtmlCacheBehavior [ RunTime:0.001000s ]
INFO: [ view_filter ] --END-- [ RunTime:0.003000s ]
INFO: [ app_end ] --START--
INFO: Run Behavior\ShowPageTraceBehavior [ RunTime:0.002000s ]
INFO: [ app_end ] --END-- [ RunTime:0.004000s ]

[ 2014-09-02T21:46:46+08:00 ] ::1 /tcs/Home/Innerf/node_edit?_dc=1409665604758&pnid=123456789012345&pnmode=3&pnname=%E6%B5%8B%E8%AF%95%E8%8A%82%E7%82%B9&pmix_freq=12
INFO: [ app_init ] --START--
INFO: Run Behavior\BuildLiteBehavior [ RunTime:0.000000s ]
INFO: [ app_init ] --END-- [ RunTime:0.003000s ]
INFO: [ app_begin ] --START--
INFO: Run Behavior\ReadHtmlCacheBehavior [ RunTime:0.002000s ]
INFO: [ app_begin ] --END-- [ RunTime:0.004000s ]
NOTIC: [8] A session had already been started - ignoring session_start() D:\Xampp\htdocs\tcs\tp\Common\functions.php 第 1191 行.
SQL: SHOW COLUMNS FROM `t_node` [ RunTime:0.006000s ]
SQL: UPDATE `t_node` SET `nname`='测试节点' WHERE `nid` = '123456789012345' [ RunTime:0.062003s ]
SQL: SHOW COLUMNS FROM `t_node_op` [ RunTime:0.005001s ]
SQL: INSERT INTO `t_node_op` (`nid`,`otype`,`otime`,`mix_scale`,`mix_level`,`mix_freq`,`onh3`,`oh2s`,`oresult`) VALUES ('123456789012345','3','2014-09-02 21:46:45',0,0,12,0,0,0) [ RunTime:0.086005s ]
SQL: UPDATE `t_node` SET `nname`='测试节点',`nmode`='1',`auto_mix_freq`=12 WHERE `nid` = '123456789012345' [ RunTime:0.021002s ]
SQL: UPDATE `t_node_op` SET `nid`='123456789012345',`otype`='3',`otime`='2014-09-02 21:46:45',`mix_scale`=0,`mix_level`=0,`mix_freq`=12,`onh3`=0,`oh2s`=0,`oresult`=1 WHERE `oid` = 67 [ RunTime:0.019001s ]
INFO: [ view_parse ] --START--
INFO: Run Behavior\ParseTemplateBehavior [ RunTime:0.004000s ]
INFO: [ view_parse ] --END-- [ RunTime:0.005000s ]
INFO: [ view_filter ] --START--
INFO: Run Behavior\WriteHtmlCacheBehavior [ RunTime:0.002000s ]
INFO: [ view_filter ] --END-- [ RunTime:0.002000s ]
INFO: [ app_end ] --START--
INFO: Run Behavior\ShowPageTraceBehavior [ RunTime:0.002000s ]
INFO: [ app_end ] --END-- [ RunTime:0.003000s ]

